Determining if the system is big endian passed with the following output:
Change Dir: /work/project/pcl-android/build/CMakeExternals/Build/vtk-android/CMakeFiles/CMakeTmp

Run Build Command:/usr/bin/make "cmTryCompileExec/fast"
make[3]: Entering directory `/work/project/pcl-android/build/CMakeExternals/Build/vtk-android/CMakeFiles/CMakeTmp'
/usr/bin/make -f CMakeFiles/cmTryCompileExec.dir/build.make CMakeFiles/cmTryCompileExec.dir/build
make[4]: Entering directory `/work/project/pcl-android/build/CMakeExternals/Build/vtk-android/CMakeFiles/CMakeTmp'
/usr/bin/cmake -E cmake_progress_report /work/project/pcl-android/build/CMakeExternals/Build/vtk-android/CMakeFiles/CMakeTmp/CMakeFiles 1
Building C object CMakeFiles/cmTryCompileExec.dir/TestEndianess.c.o
/opt/toolchain/android-ndk-r8e/toolchains/arm-linux-androideabi-4.7/prebuilt/linux-x86_64/bin/arm-linux-androideabi-gcc  -DANDROID -fexceptions -Wno-psabi --sysroot=/opt/toolchain/android-ndk-r8e/platforms/android-8/arch-arm -fpic -funwind-tables -finline-limit=64 -fsigned-char -no-canonical-prefixes -march=armv7-a -mfloat-abi=softfp -mfpu=vfpv3-d16 -fdata-sections -ffunction-sections -Wa,--noexecstack     -isystem /opt/toolchain/android-ndk-r8e/platforms/android-8/arch-arm/usr/include -isystem /opt/toolchain/android-ndk-r8e/sources/cxx-stl/gnu-libstdc++/4.7/include -isystem /opt/toolchain/android-ndk-r8e/sources/cxx-stl/gnu-libstdc++/4.7/libs/armeabi-v7a/include    -o CMakeFiles/cmTryCompileExec.dir/TestEndianess.c.o   -c /work/project/pcl-android/build/CMakeExternals/Build/vtk-android/CMakeFiles/CMakeTmp/TestEndianess.c
Linking C executable cmTryCompileExec
/usr/bin/cmake -E cmake_link_script CMakeFiles/cmTryCompileExec.dir/link.txt --verbose=1
/opt/toolchain/android-ndk-r8e/toolchains/arm-linux-androideabi-4.7/prebuilt/linux-x86_64/bin/arm-linux-androideabi-gcc   -fexceptions -Wno-psabi --sysroot=/opt/toolchain/android-ndk-r8e/platforms/android-8/arch-arm -fpic -funwind-tables -finline-limit=64 -fsigned-char -no-canonical-prefixes -march=armv7-a -mfloat-abi=softfp -mfpu=vfpv3-d16 -fdata-sections -ffunction-sections -Wa,--noexecstack       -Wl,--fix-cortex-a8 -Wl,--no-undefined -Wl,--gc-sections -Wl,-z,noexecstack -Wl,-z,relro -Wl,-z,now -Wl,-z,nocopyreloc CMakeFiles/cmTryCompileExec.dir/TestEndianess.c.o -o cmTryCompileExec -rdynamic -L/libs/armeabi-v7a  "/opt/toolchain/android-ndk-r8e/sources/cxx-stl/gnu-libstdc++/4.7/libs/armeabi-v7a/libsupc++.a"
make[4]: Leaving directory `/work/project/pcl-android/build/CMakeExternals/Build/vtk-android/CMakeFiles/CMakeTmp'
make[3]: Leaving directory `/work/project/pcl-android/build/CMakeExternals/Build/vtk-android/CMakeFiles/CMakeTmp'

TestEndianess.c:
/* A 16 bit integer is required. */
typedef unsigned short cmakeint16;

/* On a little endian machine, these 16bit ints will give "THIS IS LITTLE ENDIAN."
   On a big endian machine the characters will be exchanged pairwise. */
const cmakeint16 info_little[] =  {0x4854, 0x5349, 0x4920, 0x2053, 0x494c, 0x5454, 0x454c, 0x4520, 0x444e, 0x4149, 0x2e4e, 0x0000};

/* on a big endian machine, these 16bit ints will give "THIS IS BIG ENDIAN."
   On a little endian machine the characters will be exchanged pairwise. */
const cmakeint16 info_big[] =     {0x5448, 0x4953, 0x2049, 0x5320, 0x4249, 0x4720, 0x454e, 0x4449, 0x414e, 0x2e2e, 0x0000};

#ifdef __CLASSIC_C__
int main(argc, argv) int argc; char *argv[];
#else
int main(int argc, char *argv[])
#endif
{
  int require = 0;
  require += info_little[argc];
  require += info_big[argc];
  (void)argv;
  return require;
}


Determining if the function pthread_create exists in the pthreads failed with the following output:
Change Dir: /work/project/pcl-android/build/CMakeExternals/Build/vtk-android/CMakeFiles/CMakeTmp

Run Build Command:/usr/bin/make "cmTryCompileExec/fast"
make[3]: Entering directory `/work/project/pcl-android/build/CMakeExternals/Build/vtk-android/CMakeFiles/CMakeTmp'
/usr/bin/make -f CMakeFiles/cmTryCompileExec.dir/build.make CMakeFiles/cmTryCompileExec.dir/build
make[4]: Entering directory `/work/project/pcl-android/build/CMakeExternals/Build/vtk-android/CMakeFiles/CMakeTmp'
/usr/bin/cmake -E cmake_progress_report /work/project/pcl-android/build/CMakeExternals/Build/vtk-android/CMakeFiles/CMakeTmp/CMakeFiles 1
Building C object CMakeFiles/cmTryCompileExec.dir/CheckFunctionExists.c.o
/opt/toolchain/android-ndk-r8e/toolchains/arm-linux-androideabi-4.7/prebuilt/linux-x86_64/bin/arm-linux-androideabi-gcc  -DANDROID -fexceptions -Wno-psabi --sysroot=/opt/toolchain/android-ndk-r8e/platforms/android-8/arch-arm -fpic -funwind-tables -finline-limit=64 -fsigned-char -no-canonical-prefixes -march=armv7-a -mfloat-abi=softfp -mfpu=vfpv3-d16 -fdata-sections -ffunction-sections -Wa,--noexecstack    -DCHECK_FUNCTION_EXISTS=pthread_create -isystem /opt/toolchain/android-ndk-r8e/platforms/android-8/arch-arm/usr/include -isystem /opt/toolchain/android-ndk-r8e/sources/cxx-stl/gnu-libstdc++/4.7/include -isystem /opt/toolchain/android-ndk-r8e/sources/cxx-stl/gnu-libstdc++/4.7/libs/armeabi-v7a/include    -o CMakeFiles/cmTryCompileExec.dir/CheckFunctionExists.c.o   -c /usr/share/cmake-2.8/Modules/CheckFunctionExists.c
Linking C executable cmTryCompileExec
/usr/bin/cmake -E cmake_link_script CMakeFiles/cmTryCompileExec.dir/link.txt --verbose=1
/opt/toolchain/android-ndk-r8e/toolchains/arm-linux-androideabi-4.7/prebuilt/linux-x86_64/bin/arm-linux-androideabi-gcc   -fexceptions -Wno-psabi --sysroot=/opt/toolchain/android-ndk-r8e/platforms/android-8/arch-arm -fpic -funwind-tables -finline-limit=64 -fsigned-char -no-canonical-prefixes -march=armv7-a -mfloat-abi=softfp -mfpu=vfpv3-d16 -fdata-sections -ffunction-sections -Wa,--noexecstack    -DCHECK_FUNCTION_EXISTS=pthread_create   -Wl,--fix-cortex-a8 -Wl,--no-undefined -Wl,--gc-sections -Wl,-z,noexecstack -Wl,-z,relro -Wl,-z,now -Wl,-z,nocopyreloc CMakeFiles/cmTryCompileExec.dir/CheckFunctionExists.c.o -o cmTryCompileExec -rdynamic -L/libs/armeabi-v7a -lpthreads  "/opt/toolchain/android-ndk-r8e/sources/cxx-stl/gnu-libstdc++/4.7/libs/armeabi-v7a/libsupc++.a"
/opt/toolchain/android-ndk-r8e/toolchains/arm-linux-androideabi-4.7/prebuilt/linux-x86_64/bin/../lib/gcc/arm-linux-androideabi/4.7/../../../../arm-linux-androideabi/bin/ld: error: cannot find -lpthreads
collect2: error: ld returned 1 exit status
make[4]: *** [cmTryCompileExec] Error 1
make[4]: Leaving directory `/work/project/pcl-android/build/CMakeExternals/Build/vtk-android/CMakeFiles/CMakeTmp'
make[3]: Leaving directory `/work/project/pcl-android/build/CMakeExternals/Build/vtk-android/CMakeFiles/CMakeTmp'
make[3]: *** [cmTryCompileExec/fast] Error 2


Determining if the function pthread_create exists in the pthread failed with the following output:
Change Dir: /work/project/pcl-android/build/CMakeExternals/Build/vtk-android/CMakeFiles/CMakeTmp

Run Build Command:/usr/bin/make "cmTryCompileExec/fast"
make[3]: Entering directory `/work/project/pcl-android/build/CMakeExternals/Build/vtk-android/CMakeFiles/CMakeTmp'
/usr/bin/make -f CMakeFiles/cmTryCompileExec.dir/build.make CMakeFiles/cmTryCompileExec.dir/build
make[4]: Entering directory `/work/project/pcl-android/build/CMakeExternals/Build/vtk-android/CMakeFiles/CMakeTmp'
/usr/bin/cmake -E cmake_progress_report /work/project/pcl-android/build/CMakeExternals/Build/vtk-android/CMakeFiles/CMakeTmp/CMakeFiles 1
Building C object CMakeFiles/cmTryCompileExec.dir/CheckFunctionExists.c.o
/opt/toolchain/android-ndk-r8e/toolchains/arm-linux-androideabi-4.7/prebuilt/linux-x86_64/bin/arm-linux-androideabi-gcc  -DANDROID -fexceptions -Wno-psabi --sysroot=/opt/toolchain/android-ndk-r8e/platforms/android-8/arch-arm -fpic -funwind-tables -finline-limit=64 -fsigned-char -no-canonical-prefixes -march=armv7-a -mfloat-abi=softfp -mfpu=vfpv3-d16 -fdata-sections -ffunction-sections -Wa,--noexecstack    -DCHECK_FUNCTION_EXISTS=pthread_create -isystem /opt/toolchain/android-ndk-r8e/platforms/android-8/arch-arm/usr/include -isystem /opt/toolchain/android-ndk-r8e/sources/cxx-stl/gnu-libstdc++/4.7/include -isystem /opt/toolchain/android-ndk-r8e/sources/cxx-stl/gnu-libstdc++/4.7/libs/armeabi-v7a/include    -o CMakeFiles/cmTryCompileExec.dir/CheckFunctionExists.c.o   -c /usr/share/cmake-2.8/Modules/CheckFunctionExists.c
Linking C executable cmTryCompileExec
/usr/bin/cmake -E cmake_link_script CMakeFiles/cmTryCompileExec.dir/link.txt --verbose=1
/opt/toolchain/android-ndk-r8e/toolchains/arm-linux-androideabi-4.7/prebuilt/linux-x86_64/bin/arm-linux-androideabi-gcc   -fexceptions -Wno-psabi --sysroot=/opt/toolchain/android-ndk-r8e/platforms/android-8/arch-arm -fpic -funwind-tables -finline-limit=64 -fsigned-char -no-canonical-prefixes -march=armv7-a -mfloat-abi=softfp -mfpu=vfpv3-d16 -fdata-sections -ffunction-sections -Wa,--noexecstack    -DCHECK_FUNCTION_EXISTS=pthread_create   -Wl,--fix-cortex-a8 -Wl,--no-undefined -Wl,--gc-sections -Wl,-z,noexecstack -Wl,-z,relro -Wl,-z,now -Wl,-z,nocopyreloc CMakeFiles/cmTryCompileExec.dir/CheckFunctionExists.c.o -o cmTryCompileExec -rdynamic -L/libs/armeabi-v7a -lpthread  "/opt/toolchain/android-ndk-r8e/sources/cxx-stl/gnu-libstdc++/4.7/libs/armeabi-v7a/libsupc++.a"
/opt/toolchain/android-ndk-r8e/toolchains/arm-linux-androideabi-4.7/prebuilt/linux-x86_64/bin/../lib/gcc/arm-linux-androideabi/4.7/../../../../arm-linux-androideabi/bin/ld: error: cannot find -lpthread
collect2: error: ld returned 1 exit status
make[4]: Leaving directory `/work/project/pcl-android/build/CMakeExternals/Build/vtk-android/CMakeFiles/CMakeTmp'
make[4]: *** [cmTryCompileExec] Error 1
make[3]: *** [cmTryCompileExec/fast] Error 2
make[3]: Leaving directory `/work/project/pcl-android/build/CMakeExternals/Build/vtk-android/CMakeFiles/CMakeTmp'


Determining if compiler accepts -pthread returned PLEASE_FILL_OUT-FAILED_TO_RUN instead of 2. The compiler had the following output:
Change Dir: /work/project/pcl-android/build/CMakeExternals/Build/vtk-android/CMakeFiles/CMakeTmp

Run Build Command:/usr/bin/make "cmTryCompileExec/fast"
make[3]: Entering directory `/work/project/pcl-android/build/CMakeExternals/Build/vtk-android/CMakeFiles/CMakeTmp'
/usr/bin/make -f CMakeFiles/cmTryCompileExec.dir/build.make CMakeFiles/cmTryCompileExec.dir/build
make[4]: Entering directory `/work/project/pcl-android/build/CMakeExternals/Build/vtk-android/CMakeFiles/CMakeTmp'
/usr/bin/cmake -E cmake_progress_report /work/project/pcl-android/build/CMakeExternals/Build/vtk-android/CMakeFiles/CMakeTmp/CMakeFiles 1
Building C object CMakeFiles/cmTryCompileExec.dir/CheckForPthreads.c.o
/opt/toolchain/android-ndk-r8e/toolchains/arm-linux-androideabi-4.7/prebuilt/linux-x86_64/bin/arm-linux-androideabi-gcc  -DANDROID -fexceptions -Wno-psabi --sysroot=/opt/toolchain/android-ndk-r8e/platforms/android-8/arch-arm -fpic -funwind-tables -finline-limit=64 -fsigned-char -no-canonical-prefixes -march=armv7-a -mfloat-abi=softfp -mfpu=vfpv3-d16 -fdata-sections -ffunction-sections -Wa,--noexecstack     -isystem /opt/toolchain/android-ndk-r8e/platforms/android-8/arch-arm/usr/include -isystem /opt/toolchain/android-ndk-r8e/sources/cxx-stl/gnu-libstdc++/4.7/include -isystem /opt/toolchain/android-ndk-r8e/sources/cxx-stl/gnu-libstdc++/4.7/libs/armeabi-v7a/include    -o CMakeFiles/cmTryCompileExec.dir/CheckForPthreads.c.o   -c /usr/share/cmake-2.8/Modules/CheckForPthreads.c
Linking C executable cmTryCompileExec
/usr/bin/cmake -E cmake_link_script CMakeFiles/cmTryCompileExec.dir/link.txt --verbose=1
/opt/toolchain/android-ndk-r8e/toolchains/arm-linux-androideabi-4.7/prebuilt/linux-x86_64/bin/arm-linux-androideabi-gcc   -fexceptions -Wno-psabi --sysroot=/opt/toolchain/android-ndk-r8e/platforms/android-8/arch-arm -fpic -funwind-tables -finline-limit=64 -fsigned-char -no-canonical-prefixes -march=armv7-a -mfloat-abi=softfp -mfpu=vfpv3-d16 -fdata-sections -ffunction-sections -Wa,--noexecstack       -Wl,--fix-cortex-a8 -Wl,--no-undefined -Wl,--gc-sections -Wl,-z,noexecstack -Wl,-z,relro -Wl,-z,now -Wl,-z,nocopyreloc CMakeFiles/cmTryCompileExec.dir/CheckForPthreads.c.o -o cmTryCompileExec -rdynamic -L/libs/armeabi-v7a -pthread  "/opt/toolchain/android-ndk-r8e/sources/cxx-stl/gnu-libstdc++/4.7/libs/armeabi-v7a/libsupc++.a"
make[4]: Leaving directory `/work/project/pcl-android/build/CMakeExternals/Build/vtk-android/CMakeFiles/CMakeTmp'
make[3]: Leaving directory `/work/project/pcl-android/build/CMakeExternals/Build/vtk-android/CMakeFiles/CMakeTmp'


Determining size of __int64 failed with the following output:
Change Dir: /work/project/pcl-android/build/CMakeExternals/Build/vtk-android/CMakeFiles/CMakeTmp

Run Build Command:/usr/bin/make "cmTryCompileExec/fast"
make[3]: Entering directory `/work/project/pcl-android/build/CMakeExternals/Build/vtk-android/CMakeFiles/CMakeTmp'
/usr/bin/make -f CMakeFiles/cmTryCompileExec.dir/build.make CMakeFiles/cmTryCompileExec.dir/build
make[4]: Entering directory `/work/project/pcl-android/build/CMakeExternals/Build/vtk-android/CMakeFiles/CMakeTmp'
/usr/bin/cmake -E cmake_progress_report /work/project/pcl-android/build/CMakeExternals/Build/vtk-android/CMakeFiles/CMakeTmp/CMakeFiles 1
Building C object CMakeFiles/cmTryCompileExec.dir/VTK_SIZEOF___INT64.c.o
/opt/toolchain/android-ndk-r8e/toolchains/arm-linux-androideabi-4.7/prebuilt/linux-x86_64/bin/arm-linux-androideabi-gcc  -DANDROID -fexceptions -Wno-psabi --sysroot=/opt/toolchain/android-ndk-r8e/platforms/android-8/arch-arm -fpic -funwind-tables -finline-limit=64 -fsigned-char -no-canonical-prefixes -march=armv7-a -mfloat-abi=softfp -mfpu=vfpv3-d16 -fdata-sections -ffunction-sections -Wa,--noexecstack     -isystem /opt/toolchain/android-ndk-r8e/platforms/android-8/arch-arm/usr/include -isystem /opt/toolchain/android-ndk-r8e/sources/cxx-stl/gnu-libstdc++/4.7/include -isystem /opt/toolchain/android-ndk-r8e/sources/cxx-stl/gnu-libstdc++/4.7/libs/armeabi-v7a/include    -o CMakeFiles/cmTryCompileExec.dir/VTK_SIZEOF___INT64.c.o   -c /work/project/pcl-android/build/CMakeExternals/Build/vtk-android/CMakeFiles/CheckTypeSize/VTK_SIZEOF___INT64.c
/work/project/pcl-android/build/CMakeExternals/Build/vtk-android/CMakeFiles/CheckTypeSize/VTK_SIZEOF___INT64.c:19:12: error: '__int64' undeclared here (not in a function)
make[4]: Leaving directory `/work/project/pcl-android/build/CMakeExternals/Build/vtk-android/CMakeFiles/CMakeTmp'
make[4]: *** [CMakeFiles/cmTryCompileExec.dir/VTK_SIZEOF___INT64.c.o] Error 1
make[3]: Leaving directory `/work/project/pcl-android/build/CMakeExternals/Build/vtk-android/CMakeFiles/CMakeTmp'
make[3]: *** [cmTryCompileExec/fast] Error 2

/work/project/pcl-android/build/CMakeExternals/Build/vtk-android/CMakeFiles/CheckTypeSize/VTK_SIZEOF___INT64.c:
#include <sys/types.h>
#include <stdint.h>
#include <stddef.h>


#undef KEY
#if defined(__i386)
# define KEY '_','_','i','3','8','6'
#elif defined(__x86_64)
# define KEY '_','_','x','8','6','_','6','4'
#elif defined(__ppc__)
# define KEY '_','_','p','p','c','_','_'
#elif defined(__ppc64__)
# define KEY '_','_','p','p','c','6','4','_','_'
#endif

#define SIZE (sizeof(__int64))
char info_size[] =  {'I', 'N', 'F', 'O', ':', 's','i','z','e','[',
  ('0' + ((SIZE / 10000)%10)),
  ('0' + ((SIZE / 1000)%10)),
  ('0' + ((SIZE / 100)%10)),
  ('0' + ((SIZE / 10)%10)),
  ('0' +  (SIZE    % 10)),
  ']',
#ifdef KEY
  ' ','k','e','y','[', KEY, ']',
#endif
  '\0'};

#ifdef __CLASSIC_C__
int main(argc, argv) int argc; char *argv[];
#else
int main(int argc, char *argv[])
#endif
{
  int require = 0;
  require += info_size[argc];
  (void)argv;
  return require;
}


Determining if the function getsockname exists in the socket failed with the following output:
Change Dir: /work/project/pcl-android/build/CMakeExternals/Build/vtk-android/CMakeFiles/CMakeTmp

Run Build Command:/usr/bin/make "cmTryCompileExec/fast"
make[3]: Entering directory `/work/project/pcl-android/build/CMakeExternals/Build/vtk-android/CMakeFiles/CMakeTmp'
/usr/bin/make -f CMakeFiles/cmTryCompileExec.dir/build.make CMakeFiles/cmTryCompileExec.dir/build
make[4]: Entering directory `/work/project/pcl-android/build/CMakeExternals/Build/vtk-android/CMakeFiles/CMakeTmp'
/usr/bin/cmake -E cmake_progress_report /work/project/pcl-android/build/CMakeExternals/Build/vtk-android/CMakeFiles/CMakeTmp/CMakeFiles 1
Building C object CMakeFiles/cmTryCompileExec.dir/CheckFunctionExists.c.o
/opt/toolchain/android-ndk-r8e/toolchains/arm-linux-androideabi-4.7/prebuilt/linux-x86_64/bin/arm-linux-androideabi-gcc  -DANDROID -fexceptions -Wno-psabi --sysroot=/opt/toolchain/android-ndk-r8e/platforms/android-8/arch-arm -fpic -funwind-tables -finline-limit=64 -fsigned-char -no-canonical-prefixes -march=armv7-a -mfloat-abi=softfp -mfpu=vfpv3-d16 -fdata-sections -ffunction-sections -Wa,--noexecstack    -DCHECK_FUNCTION_EXISTS=getsockname -isystem /opt/toolchain/android-ndk-r8e/platforms/android-8/arch-arm/usr/include -isystem /opt/toolchain/android-ndk-r8e/sources/cxx-stl/gnu-libstdc++/4.7/include -isystem /opt/toolchain/android-ndk-r8e/sources/cxx-stl/gnu-libstdc++/4.7/libs/armeabi-v7a/include    -o CMakeFiles/cmTryCompileExec.dir/CheckFunctionExists.c.o   -c /usr/share/cmake-2.8/Modules/CheckFunctionExists.c
Linking C executable cmTryCompileExec
/usr/bin/cmake -E cmake_link_script CMakeFiles/cmTryCompileExec.dir/link.txt --verbose=1
/opt/toolchain/android-ndk-r8e/toolchains/arm-linux-androideabi-4.7/prebuilt/linux-x86_64/bin/arm-linux-androideabi-gcc   -fexceptions -Wno-psabi --sysroot=/opt/toolchain/android-ndk-r8e/platforms/android-8/arch-arm -fpic -funwind-tables -finline-limit=64 -fsigned-char -no-canonical-prefixes -march=armv7-a -mfloat-abi=softfp -mfpu=vfpv3-d16 -fdata-sections -ffunction-sections -Wa,--noexecstack    -DCHECK_FUNCTION_EXISTS=getsockname   -Wl,--fix-cortex-a8 -Wl,--no-undefined -Wl,--gc-sections -Wl,-z,noexecstack -Wl,-z,relro -Wl,-z,now -Wl,-z,nocopyreloc CMakeFiles/cmTryCompileExec.dir/CheckFunctionExists.c.o -o cmTryCompileExec -rdynamic -L/libs/armeabi-v7a -lsocket  "/opt/toolchain/android-ndk-r8e/sources/cxx-stl/gnu-libstdc++/4.7/libs/armeabi-v7a/libsupc++.a"
/opt/toolchain/android-ndk-r8e/toolchains/arm-linux-androideabi-4.7/prebuilt/linux-x86_64/bin/../lib/gcc/arm-linux-androideabi/4.7/../../../../arm-linux-androideabi/bin/ld: error: cannot find -lsocket
collect2: error: ld returned 1 exit status
make[4]: *** [cmTryCompileExec] Error 1
make[4]: Leaving directory `/work/project/pcl-android/build/CMakeExternals/Build/vtk-android/CMakeFiles/CMakeTmp'
make[3]: Leaving directory `/work/project/pcl-android/build/CMakeExternals/Build/vtk-android/CMakeFiles/CMakeTmp'
make[3]: *** [cmTryCompileExec/fast] Error 2


Checking for non-standard argument to stl allocator<>::max_size failed to compile with the following output:
Change Dir: /work/project/pcl-android/build/CMakeExternals/Build/vtk-android/Utilities/KWSys/vtksys/CMakeFiles/CMakeTmp

Run Build Command:/usr/bin/make "cmTryCompileExec/fast"
make[3]: Entering directory `/work/project/pcl-android/build/CMakeExternals/Build/vtk-android/Utilities/KWSys/vtksys/CMakeFiles/CMakeTmp'
/usr/bin/make -f CMakeFiles/cmTryCompileExec.dir/build.make CMakeFiles/cmTryCompileExec.dir/build
make[4]: Entering directory `/work/project/pcl-android/build/CMakeExternals/Build/vtk-android/Utilities/KWSys/vtksys/CMakeFiles/CMakeTmp'
/usr/bin/cmake -E cmake_progress_report /work/project/pcl-android/build/CMakeExternals/Build/vtk-android/Utilities/KWSys/vtksys/CMakeFiles/CMakeTmp/CMakeFiles 1
Building CXX object CMakeFiles/cmTryCompileExec.dir/kwsysPlatformTestsCXX.cxx.o
/opt/toolchain/android-ndk-r8e/toolchains/arm-linux-androideabi-4.7/prebuilt/linux-x86_64/bin/arm-linux-androideabi-g++   -DANDROID -DTEST_KWSYS_STL_HAS_ALLOCATOR_MAX_SIZE_ARGUMENT -DKWSYS_STL_HAVE_STD=1 -fexceptions -frtti -Wno-psabi --sysroot=/opt/toolchain/android-ndk-r8e/platforms/android-8/arch-arm -fpic -funwind-tables -finline-limit=64 -fsigned-char -no-canonical-prefixes -march=armv7-a -mfloat-abi=softfp -mfpu=vfpv3-d16 -fdata-sections -ffunction-sections -Wa,--noexecstack     -isystem /opt/toolchain/android-ndk-r8e/platforms/android-8/arch-arm/usr/include -isystem /opt/toolchain/android-ndk-r8e/sources/cxx-stl/gnu-libstdc++/4.7/include -isystem /opt/toolchain/android-ndk-r8e/sources/cxx-stl/gnu-libstdc++/4.7/libs/armeabi-v7a/include    -o CMakeFiles/cmTryCompileExec.dir/kwsysPlatformTestsCXX.cxx.o -c /work/project/pcl-android/build/CMakeExternals/Source/vtk/Utilities/KWSys/vtksys/kwsysPlatformTestsCXX.cxx
/work/project/pcl-android/build/CMakeExternals/Source/vtk/Utilities/KWSys/vtksys/kwsysPlatformTestsCXX.cxx: In function 'void f(const std::allocator<char>&)':
/work/project/pcl-android/build/CMakeExternals/Source/vtk/Utilities/KWSys/vtksys/kwsysPlatformTestsCXX.cxx:256:25: error: no matching function for call to 'std::allocator<char>::max_size(unsigned int) const'
/work/project/pcl-android/build/CMakeExternals/Source/vtk/Utilities/KWSys/vtksys/kwsysPlatformTestsCXX.cxx:256:25: note: candidate is:
In file included from /opt/toolchain/android-ndk-r8e/sources/cxx-stl/gnu-libstdc++/4.7/libs/armeabi-v7a/include/bits/c++allocator.h:34:0,
                 from /opt/toolchain/android-ndk-r8e/sources/cxx-stl/gnu-libstdc++/4.7/include/bits/allocator.h:48,
                 from /opt/toolchain/android-ndk-r8e/sources/cxx-stl/gnu-libstdc++/4.7/include/memory:65,
                 from /work/project/pcl-android/build/CMakeExternals/Source/vtk/Utilities/KWSys/vtksys/kwsysPlatformTestsCXX.cxx:253:
/opt/toolchain/android-ndk-r8e/sources/cxx-stl/gnu-libstdc++/4.7/include/ext/new_allocator.h:103:7: note: __gnu_cxx::new_allocator<_Tp>::size_type __gnu_cxx::new_allocator<_Tp>::max_size() const [with _Tp = char; __gnu_cxx::new_allocator<_Tp>::size_type = unsigned int]
/opt/toolchain/android-ndk-r8e/sources/cxx-stl/gnu-libstdc++/4.7/include/ext/new_allocator.h:103:7: note:   candidate expects 0 arguments, 1 provided
make[4]: *** [CMakeFiles/cmTryCompileExec.dir/kwsysPlatformTestsCXX.cxx.o] Error 1
make[4]: Leaving directory `/work/project/pcl-android/build/CMakeExternals/Build/vtk-android/Utilities/KWSys/vtksys/CMakeFiles/CMakeTmp'
make[3]: *** [cmTryCompileExec/fast] Error 2
make[3]: Leaving directory `/work/project/pcl-android/build/CMakeExternals/Build/vtk-android/Utilities/KWSys/vtksys/CMakeFiles/CMakeTmp'


Checking whether "<>" is needed for template friends failed to compile with the following output:
Change Dir: /work/project/pcl-android/build/CMakeExternals/Build/vtk-android/Utilities/KWSys/vtksys/CMakeFiles/CMakeTmp

Run Build Command:/usr/bin/make "cmTryCompileExec/fast"
make[3]: Entering directory `/work/project/pcl-android/build/CMakeExternals/Build/vtk-android/Utilities/KWSys/vtksys/CMakeFiles/CMakeTmp'
/usr/bin/make -f CMakeFiles/cmTryCompileExec.dir/build.make CMakeFiles/cmTryCompileExec.dir/build
make[4]: Entering directory `/work/project/pcl-android/build/CMakeExternals/Build/vtk-android/Utilities/KWSys/vtksys/CMakeFiles/CMakeTmp'
/usr/bin/cmake -E cmake_progress_report /work/project/pcl-android/build/CMakeExternals/Build/vtk-android/Utilities/KWSys/vtksys/CMakeFiles/CMakeTmp/CMakeFiles 1
Building CXX object CMakeFiles/cmTryCompileExec.dir/kwsysPlatformTestsCXX.cxx.o
/opt/toolchain/android-ndk-r8e/toolchains/arm-linux-androideabi-4.7/prebuilt/linux-x86_64/bin/arm-linux-androideabi-g++   -DANDROID -DTEST_KWSYS_CXX_HAS_NULL_TEMPLATE_ARGS -fexceptions -frtti -Wno-psabi --sysroot=/opt/toolchain/android-ndk-r8e/platforms/android-8/arch-arm -fpic -funwind-tables -finline-limit=64 -fsigned-char -no-canonical-prefixes -march=armv7-a -mfloat-abi=softfp -mfpu=vfpv3-d16 -fdata-sections -ffunction-sections -Wa,--noexecstack     -isystem /opt/toolchain/android-ndk-r8e/platforms/android-8/arch-arm/usr/include -isystem /opt/toolchain/android-ndk-r8e/sources/cxx-stl/gnu-libstdc++/4.7/include -isystem /opt/toolchain/android-ndk-r8e/sources/cxx-stl/gnu-libstdc++/4.7/libs/armeabi-v7a/include    -o CMakeFiles/cmTryCompileExec.dir/kwsysPlatformTestsCXX.cxx.o -c /work/project/pcl-android/build/CMakeExternals/Source/vtk/Utilities/KWSys/vtksys/kwsysPlatformTestsCXX.cxx
/work/project/pcl-android/build/CMakeExternals/Source/vtk/Utilities/KWSys/vtksys/kwsysPlatformTestsCXX.cxx:141:21: warning: friend declaration 'int f(A<T>&)' declares a non-template function [-Wnon-template-friend]
/work/project/pcl-android/build/CMakeExternals/Source/vtk/Utilities/KWSys/vtksys/kwsysPlatformTestsCXX.cxx:141:21: note: (if this is not what you intended, make sure the function template has already been declared and add <> after the function name here) 
/work/project/pcl-android/build/CMakeExternals/Source/vtk/Utilities/KWSys/vtksys/kwsysPlatformTestsCXX.cxx: In instantiation of 'int f(A<T>&) [with T = int]':
/work/project/pcl-android/build/CMakeExternals/Source/vtk/Utilities/KWSys/vtksys/kwsysPlatformTestsCXX.cxx:147:23:   required from here
/work/project/pcl-android/build/CMakeExternals/Source/vtk/Utilities/KWSys/vtksys/kwsysPlatformTestsCXX.cxx:143:7: error: 'int A<int>::x' is private
/work/project/pcl-android/build/CMakeExternals/Source/vtk/Utilities/KWSys/vtksys/kwsysPlatformTestsCXX.cxx:146:50: error: within this context
make[4]: *** [CMakeFiles/cmTryCompileExec.dir/kwsysPlatformTestsCXX.cxx.o] Error 1
make[4]: Leaving directory `/work/project/pcl-android/build/CMakeExternals/Build/vtk-android/Utilities/KWSys/vtksys/CMakeFiles/CMakeTmp'
make[3]: *** [cmTryCompileExec/fast] Error 2
make[3]: Leaving directory `/work/project/pcl-android/build/CMakeExternals/Build/vtk-android/Utilities/KWSys/vtksys/CMakeFiles/CMakeTmp'


Checking whether struct stat has st_mtim member failed to compile with the following output:
Change Dir: /work/project/pcl-android/build/CMakeExternals/Build/vtk-android/Utilities/KWSys/vtksys/CMakeFiles/CMakeTmp

Run Build Command:/usr/bin/make "cmTryCompileExec/fast"
make[3]: Entering directory `/work/project/pcl-android/build/CMakeExternals/Build/vtk-android/Utilities/KWSys/vtksys/CMakeFiles/CMakeTmp'
/usr/bin/make -f CMakeFiles/cmTryCompileExec.dir/build.make CMakeFiles/cmTryCompileExec.dir/build
make[4]: Entering directory `/work/project/pcl-android/build/CMakeExternals/Build/vtk-android/Utilities/KWSys/vtksys/CMakeFiles/CMakeTmp'
/usr/bin/cmake -E cmake_progress_report /work/project/pcl-android/build/CMakeExternals/Build/vtk-android/Utilities/KWSys/vtksys/CMakeFiles/CMakeTmp/CMakeFiles 1
Building CXX object CMakeFiles/cmTryCompileExec.dir/kwsysPlatformTestsCXX.cxx.o
/opt/toolchain/android-ndk-r8e/toolchains/arm-linux-androideabi-4.7/prebuilt/linux-x86_64/bin/arm-linux-androideabi-g++   -DANDROID -DTEST_KWSYS_STAT_HAS_ST_MTIM -fexceptions -frtti -Wno-psabi --sysroot=/opt/toolchain/android-ndk-r8e/platforms/android-8/arch-arm -fpic -funwind-tables -finline-limit=64 -fsigned-char -no-canonical-prefixes -march=armv7-a -mfloat-abi=softfp -mfpu=vfpv3-d16 -fdata-sections -ffunction-sections -Wa,--noexecstack     -isystem /opt/toolchain/android-ndk-r8e/platforms/android-8/arch-arm/usr/include -isystem /opt/toolchain/android-ndk-r8e/sources/cxx-stl/gnu-libstdc++/4.7/include -isystem /opt/toolchain/android-ndk-r8e/sources/cxx-stl/gnu-libstdc++/4.7/libs/armeabi-v7a/include    -o CMakeFiles/cmTryCompileExec.dir/kwsysPlatformTestsCXX.cxx.o -c /work/project/pcl-android/build/CMakeExternals/Source/vtk/Utilities/KWSys/vtksys/kwsysPlatformTestsCXX.cxx
/work/project/pcl-android/build/CMakeExternals/Source/vtk/Utilities/KWSys/vtksys/kwsysPlatformTestsCXX.cxx: In function 'int main()':
/work/project/pcl-android/build/CMakeExternals/Source/vtk/Utilities/KWSys/vtksys/kwsysPlatformTestsCXX.cxx:285:15: error: 'struct stat' has no member named 'st_mtim'
/work/project/pcl-android/build/CMakeExternals/Source/vtk/Utilities/KWSys/vtksys/kwsysPlatformTestsCXX.cxx:286:15: error: 'struct stat' has no member named 'st_mtim'
make[4]: Leaving directory `/work/project/pcl-android/build/CMakeExternals/Build/vtk-android/Utilities/KWSys/vtksys/CMakeFiles/CMakeTmp'
make[4]: *** [CMakeFiles/cmTryCompileExec.dir/kwsysPlatformTestsCXX.cxx.o] Error 1
make[3]: *** [cmTryCompileExec/fast] Error 2
make[3]: Leaving directory `/work/project/pcl-android/build/CMakeExternals/Build/vtk-android/Utilities/KWSys/vtksys/CMakeFiles/CMakeTmp'


Checking whether C++ compiler has '__int64' failed to compile with the following output:
Change Dir: /work/project/pcl-android/build/CMakeExternals/Build/vtk-android/Utilities/KWSys/vtksys/CMakeFiles/CMakeTmp

Run Build Command:/usr/bin/make "cmTryCompileExec/fast"
make[3]: Entering directory `/work/project/pcl-android/build/CMakeExternals/Build/vtk-android/Utilities/KWSys/vtksys/CMakeFiles/CMakeTmp'
/usr/bin/make -f CMakeFiles/cmTryCompileExec.dir/build.make CMakeFiles/cmTryCompileExec.dir/build
make[4]: Entering directory `/work/project/pcl-android/build/CMakeExternals/Build/vtk-android/Utilities/KWSys/vtksys/CMakeFiles/CMakeTmp'
/usr/bin/cmake -E cmake_progress_report /work/project/pcl-android/build/CMakeExternals/Build/vtk-android/Utilities/KWSys/vtksys/CMakeFiles/CMakeTmp/CMakeFiles 1
Building CXX object CMakeFiles/cmTryCompileExec.dir/kwsysPlatformTestsCXX.cxx.o
/opt/toolchain/android-ndk-r8e/toolchains/arm-linux-androideabi-4.7/prebuilt/linux-x86_64/bin/arm-linux-androideabi-g++   -DANDROID -DTEST_KWSYS_CXX_HAS___INT64 -fexceptions -frtti -Wno-psabi --sysroot=/opt/toolchain/android-ndk-r8e/platforms/android-8/arch-arm -fpic -funwind-tables -finline-limit=64 -fsigned-char -no-canonical-prefixes -march=armv7-a -mfloat-abi=softfp -mfpu=vfpv3-d16 -fdata-sections -ffunction-sections -Wa,--noexecstack     -isystem /opt/toolchain/android-ndk-r8e/platforms/android-8/arch-arm/usr/include -isystem /opt/toolchain/android-ndk-r8e/sources/cxx-stl/gnu-libstdc++/4.7/include -isystem /opt/toolchain/android-ndk-r8e/sources/cxx-stl/gnu-libstdc++/4.7/libs/armeabi-v7a/include    -o CMakeFiles/cmTryCompileExec.dir/kwsysPlatformTestsCXX.cxx.o -c /work/project/pcl-android/build/CMakeExternals/Source/vtk/Utilities/KWSys/vtksys/kwsysPlatformTestsCXX.cxx
/work/project/pcl-android/build/CMakeExternals/Source/vtk/Utilities/KWSys/vtksys/kwsysPlatformTestsCXX.cxx:126:1: error: '__int64' does not name a type
/work/project/pcl-android/build/CMakeExternals/Source/vtk/Utilities/KWSys/vtksys/kwsysPlatformTestsCXX.cxx: In function 'int main()':
/work/project/pcl-android/build/CMakeExternals/Source/vtk/Utilities/KWSys/vtksys/kwsysPlatformTestsCXX.cxx:129:3: error: '__int64' was not declared in this scope
/work/project/pcl-android/build/CMakeExternals/Source/vtk/Utilities/KWSys/vtksys/kwsysPlatformTestsCXX.cxx:129:11: error: expected ';' before 'n'
/work/project/pcl-android/build/CMakeExternals/Source/vtk/Utilities/KWSys/vtksys/kwsysPlatformTestsCXX.cxx:130:29: error: 'n' was not declared in this scope
/work/project/pcl-android/build/CMakeExternals/Source/vtk/Utilities/KWSys/vtksys/kwsysPlatformTestsCXX.cxx:130:30: error: 'f' was not declared in this scope
make[4]: Leaving directory `/work/project/pcl-android/build/CMakeExternals/Build/vtk-android/Utilities/KWSys/vtksys/CMakeFiles/CMakeTmp'
make[4]: *** [CMakeFiles/cmTryCompileExec.dir/kwsysPlatformTestsCXX.cxx.o] Error 1
make[3]: Leaving directory `/work/project/pcl-android/build/CMakeExternals/Build/vtk-android/Utilities/KWSys/vtksys/CMakeFiles/CMakeTmp'
make[3]: *** [cmTryCompileExec/fast] Error 2


Determining size of __int64 failed with the following output:
Change Dir: /work/project/pcl-android/build/CMakeExternals/Build/vtk-android/CMakeFiles/CMakeTmp

Run Build Command:/usr/bin/make "cmTryCompileExec/fast"
make[3]: Entering directory `/work/project/pcl-android/build/CMakeExternals/Build/vtk-android/CMakeFiles/CMakeTmp'
/usr/bin/make -f CMakeFiles/cmTryCompileExec.dir/build.make CMakeFiles/cmTryCompileExec.dir/build
make[4]: Entering directory `/work/project/pcl-android/build/CMakeExternals/Build/vtk-android/CMakeFiles/CMakeTmp'
/usr/bin/cmake -E cmake_progress_report /work/project/pcl-android/build/CMakeExternals/Build/vtk-android/CMakeFiles/CMakeTmp/CMakeFiles 1
Building C object CMakeFiles/cmTryCompileExec.dir/KWSYS_SIZEOF___INT64.c.o
/opt/toolchain/android-ndk-r8e/toolchains/arm-linux-androideabi-4.7/prebuilt/linux-x86_64/bin/arm-linux-androideabi-gcc  -DANDROID -fexceptions -Wno-psabi --sysroot=/opt/toolchain/android-ndk-r8e/platforms/android-8/arch-arm -fpic -funwind-tables -finline-limit=64 -fsigned-char -no-canonical-prefixes -march=armv7-a -mfloat-abi=softfp -mfpu=vfpv3-d16 -fdata-sections -ffunction-sections -Wa,--noexecstack     -isystem /opt/toolchain/android-ndk-r8e/platforms/android-8/arch-arm/usr/include -isystem /opt/toolchain/android-ndk-r8e/sources/cxx-stl/gnu-libstdc++/4.7/include -isystem /opt/toolchain/android-ndk-r8e/sources/cxx-stl/gnu-libstdc++/4.7/libs/armeabi-v7a/include    -o CMakeFiles/cmTryCompileExec.dir/KWSYS_SIZEOF___INT64.c.o   -c /work/project/pcl-android/build/CMakeExternals/Build/vtk-android/CMakeFiles/CheckTypeSize/KWSYS_SIZEOF___INT64.c
/work/project/pcl-android/build/CMakeExternals/Build/vtk-android/CMakeFiles/CheckTypeSize/KWSYS_SIZEOF___INT64.c:19:12: error: '__int64' undeclared here (not in a function)
make[4]: *** [CMakeFiles/cmTryCompileExec.dir/KWSYS_SIZEOF___INT64.c.o] Error 1
make[4]: Leaving directory `/work/project/pcl-android/build/CMakeExternals/Build/vtk-android/CMakeFiles/CMakeTmp'
make[3]: *** [cmTryCompileExec/fast] Error 2
make[3]: Leaving directory `/work/project/pcl-android/build/CMakeExternals/Build/vtk-android/CMakeFiles/CMakeTmp'

/work/project/pcl-android/build/CMakeExternals/Build/vtk-android/CMakeFiles/CheckTypeSize/KWSYS_SIZEOF___INT64.c:
#include <sys/types.h>
#include <stdint.h>
#include <stddef.h>


#undef KEY
#if defined(__i386)
# define KEY '_','_','i','3','8','6'
#elif defined(__x86_64)
# define KEY '_','_','x','8','6','_','6','4'
#elif defined(__ppc__)
# define KEY '_','_','p','p','c','_','_'
#elif defined(__ppc64__)
# define KEY '_','_','p','p','c','6','4','_','_'
#endif

#define SIZE (sizeof(__int64))
char info_size[] =  {'I', 'N', 'F', 'O', ':', 's','i','z','e','[',
  ('0' + ((SIZE / 10000)%10)),
  ('0' + ((SIZE / 1000)%10)),
  ('0' + ((SIZE / 100)%10)),
  ('0' + ((SIZE / 10)%10)),
  ('0' +  (SIZE    % 10)),
  ']',
#ifdef KEY
  ' ','k','e','y','[', KEY, ']',
#endif
  '\0'};

#ifdef __CLASSIC_C__
int main(argc, argv) int argc; char *argv[];
#else
int main(int argc, char *argv[])
#endif
{
  int require = 0;
  require += info_size[argc];
  (void)argv;
  return require;
}


Checking whether CXX compiler has environ in stdlib.h failed to compile with the following output:
Change Dir: /work/project/pcl-android/build/CMakeExternals/Build/vtk-android/Utilities/KWSys/vtksys/CMakeFiles/CMakeTmp

Run Build Command:/usr/bin/make "cmTryCompileExec/fast"
make[3]: Entering directory `/work/project/pcl-android/build/CMakeExternals/Build/vtk-android/Utilities/KWSys/vtksys/CMakeFiles/CMakeTmp'
/usr/bin/make -f CMakeFiles/cmTryCompileExec.dir/build.make CMakeFiles/cmTryCompileExec.dir/build
make[4]: Entering directory `/work/project/pcl-android/build/CMakeExternals/Build/vtk-android/Utilities/KWSys/vtksys/CMakeFiles/CMakeTmp'
/usr/bin/cmake -E cmake_progress_report /work/project/pcl-android/build/CMakeExternals/Build/vtk-android/Utilities/KWSys/vtksys/CMakeFiles/CMakeTmp/CMakeFiles 1
Building CXX object CMakeFiles/cmTryCompileExec.dir/kwsysPlatformTestsCXX.cxx.o
/opt/toolchain/android-ndk-r8e/toolchains/arm-linux-androideabi-4.7/prebuilt/linux-x86_64/bin/arm-linux-androideabi-g++   -DANDROID -DTEST_KWSYS_CXX_HAS_ENVIRON_IN_STDLIB_H -fexceptions -frtti -Wno-psabi --sysroot=/opt/toolchain/android-ndk-r8e/platforms/android-8/arch-arm -fpic -funwind-tables -finline-limit=64 -fsigned-char -no-canonical-prefixes -march=armv7-a -mfloat-abi=softfp -mfpu=vfpv3-d16 -fdata-sections -ffunction-sections -Wa,--noexecstack     -isystem /opt/toolchain/android-ndk-r8e/platforms/android-8/arch-arm/usr/include -isystem /opt/toolchain/android-ndk-r8e/sources/cxx-stl/gnu-libstdc++/4.7/include -isystem /opt/toolchain/android-ndk-r8e/sources/cxx-stl/gnu-libstdc++/4.7/libs/armeabi-v7a/include    -o CMakeFiles/cmTryCompileExec.dir/kwsysPlatformTestsCXX.cxx.o -c /work/project/pcl-android/build/CMakeExternals/Source/vtk/Utilities/KWSys/vtksys/kwsysPlatformTestsCXX.cxx
/work/project/pcl-android/build/CMakeExternals/Source/vtk/Utilities/KWSys/vtksys/kwsysPlatformTestsCXX.cxx: In function 'int main()':
/work/project/pcl-android/build/CMakeExternals/Source/vtk/Utilities/KWSys/vtksys/kwsysPlatformTestsCXX.cxx:426:13: error: 'environ' was not declared in this scope
make[4]: Leaving directory `/work/project/pcl-android/build/CMakeExternals/Build/vtk-android/Utilities/KWSys/vtksys/CMakeFiles/CMakeTmp'
make[4]: *** [CMakeFiles/cmTryCompileExec.dir/kwsysPlatformTestsCXX.cxx.o] Error 1
make[3]: Leaving directory `/work/project/pcl-android/build/CMakeExternals/Build/vtk-android/Utilities/KWSys/vtksys/CMakeFiles/CMakeTmp'
make[3]: *** [cmTryCompileExec/fast] Error 2


Determining if the isnan exist failed with the following output:
Change Dir: /work/project/pcl-android/build/CMakeExternals/Build/vtk-android/CMakeFiles/CMakeTmp

Run Build Command:/usr/bin/make "cmTryCompileExec/fast"
make[3]: Entering directory `/work/project/pcl-android/build/CMakeExternals/Build/vtk-android/CMakeFiles/CMakeTmp'
/usr/bin/make -f CMakeFiles/cmTryCompileExec.dir/build.make CMakeFiles/cmTryCompileExec.dir/build
make[4]: Entering directory `/work/project/pcl-android/build/CMakeExternals/Build/vtk-android/CMakeFiles/CMakeTmp'
/usr/bin/cmake -E cmake_progress_report /work/project/pcl-android/build/CMakeExternals/Build/vtk-android/CMakeFiles/CMakeTmp/CMakeFiles 1
Building C object CMakeFiles/cmTryCompileExec.dir/CheckSymbolExists.c.o
/opt/toolchain/android-ndk-r8e/toolchains/arm-linux-androideabi-4.7/prebuilt/linux-x86_64/bin/arm-linux-androideabi-gcc  -DANDROID -fexceptions -Wno-psabi --sysroot=/opt/toolchain/android-ndk-r8e/platforms/android-8/arch-arm -fpic -funwind-tables -finline-limit=64 -fsigned-char -no-canonical-prefixes -march=armv7-a -mfloat-abi=softfp -mfpu=vfpv3-d16 -fdata-sections -ffunction-sections -Wa,--noexecstack     -isystem /opt/toolchain/android-ndk-r8e/platforms/android-8/arch-arm/usr/include -isystem /opt/toolchain/android-ndk-r8e/sources/cxx-stl/gnu-libstdc++/4.7/include -isystem /opt/toolchain/android-ndk-r8e/sources/cxx-stl/gnu-libstdc++/4.7/libs/armeabi-v7a/include    -o CMakeFiles/cmTryCompileExec.dir/CheckSymbolExists.c.o   -c /work/project/pcl-android/build/CMakeExternals/Build/vtk-android/CMakeFiles/CMakeTmp/CheckSymbolExists.c
/work/project/pcl-android/build/CMakeExternals/Build/vtk-android/CMakeFiles/CMakeTmp/CheckSymbolExists.c: In function 'main':
/work/project/pcl-android/build/CMakeExternals/Build/vtk-android/CMakeFiles/CMakeTmp/CheckSymbolExists.c:8:25: error: 'isnan' undeclared (first use in this function)
/work/project/pcl-android/build/CMakeExternals/Build/vtk-android/CMakeFiles/CMakeTmp/CheckSymbolExists.c:8:25: note: each undeclared identifier is reported only once for each function it appears in
make[4]: Leaving directory `/work/project/pcl-android/build/CMakeExternals/Build/vtk-android/CMakeFiles/CMakeTmp'
make[4]: *** [CMakeFiles/cmTryCompileExec.dir/CheckSymbolExists.c.o] Error 1
make[3]: *** [cmTryCompileExec/fast] Error 2
make[3]: Leaving directory `/work/project/pcl-android/build/CMakeExternals/Build/vtk-android/CMakeFiles/CMakeTmp'

File /work/project/pcl-android/build/CMakeExternals/Build/vtk-android/CMakeFiles/CMakeTmp/CheckSymbolExists.c:
/* */
#include <float.h>

void cmakeRequireSymbol(int dummy,...){(void)dummy;}
int main()
{
#ifndef isnan
  cmakeRequireSymbol(0,&isnan);
#endif
  return 0;
}

Determining if the _isnan exist failed with the following output:
Change Dir: /work/project/pcl-android/build/CMakeExternals/Build/vtk-android/CMakeFiles/CMakeTmp

Run Build Command:/usr/bin/make "cmTryCompileExec/fast"
make[3]: Entering directory `/work/project/pcl-android/build/CMakeExternals/Build/vtk-android/CMakeFiles/CMakeTmp'
/usr/bin/make -f CMakeFiles/cmTryCompileExec.dir/build.make CMakeFiles/cmTryCompileExec.dir/build
make[4]: Entering directory `/work/project/pcl-android/build/CMakeExternals/Build/vtk-android/CMakeFiles/CMakeTmp'
/usr/bin/cmake -E cmake_progress_report /work/project/pcl-android/build/CMakeExternals/Build/vtk-android/CMakeFiles/CMakeTmp/CMakeFiles 1
Building C object CMakeFiles/cmTryCompileExec.dir/CheckSymbolExists.c.o
/opt/toolchain/android-ndk-r8e/toolchains/arm-linux-androideabi-4.7/prebuilt/linux-x86_64/bin/arm-linux-androideabi-gcc  -DANDROID -fexceptions -Wno-psabi --sysroot=/opt/toolchain/android-ndk-r8e/platforms/android-8/arch-arm -fpic -funwind-tables -finline-limit=64 -fsigned-char -no-canonical-prefixes -march=armv7-a -mfloat-abi=softfp -mfpu=vfpv3-d16 -fdata-sections -ffunction-sections -Wa,--noexecstack     -isystem /opt/toolchain/android-ndk-r8e/platforms/android-8/arch-arm/usr/include -isystem /opt/toolchain/android-ndk-r8e/sources/cxx-stl/gnu-libstdc++/4.7/include -isystem /opt/toolchain/android-ndk-r8e/sources/cxx-stl/gnu-libstdc++/4.7/libs/armeabi-v7a/include    -o CMakeFiles/cmTryCompileExec.dir/CheckSymbolExists.c.o   -c /work/project/pcl-android/build/CMakeExternals/Build/vtk-android/CMakeFiles/CMakeTmp/CheckSymbolExists.c
/work/project/pcl-android/build/CMakeExternals/Build/vtk-android/CMakeFiles/CMakeTmp/CheckSymbolExists.c: In function 'main':
/work/project/pcl-android/build/CMakeExternals/Build/vtk-android/CMakeFiles/CMakeTmp/CheckSymbolExists.c:8:25: error: '_isnan' undeclared (first use in this function)
/work/project/pcl-android/build/CMakeExternals/Build/vtk-android/CMakeFiles/CMakeTmp/CheckSymbolExists.c:8:25: note: each undeclared identifier is reported only once for each function it appears in
make[4]: *** [CMakeFiles/cmTryCompileExec.dir/CheckSymbolExists.c.o] Error 1
make[4]: Leaving directory `/work/project/pcl-android/build/CMakeExternals/Build/vtk-android/CMakeFiles/CMakeTmp'
make[3]: Leaving directory `/work/project/pcl-android/build/CMakeExternals/Build/vtk-android/CMakeFiles/CMakeTmp'
make[3]: *** [cmTryCompileExec/fast] Error 2

File /work/project/pcl-android/build/CMakeExternals/Build/vtk-android/CMakeFiles/CMakeTmp/CheckSymbolExists.c:
/* */
#include <float.h>

void cmakeRequireSymbol(int dummy,...){(void)dummy;}
int main()
{
#ifndef _isnan
  cmakeRequireSymbol(0,&_isnan);
#endif
  return 0;
}

Determining if the isinf exist failed with the following output:
Change Dir: /work/project/pcl-android/build/CMakeExternals/Build/vtk-android/CMakeFiles/CMakeTmp

Run Build Command:/usr/bin/make "cmTryCompileExec/fast"
make[3]: Entering directory `/work/project/pcl-android/build/CMakeExternals/Build/vtk-android/CMakeFiles/CMakeTmp'
/usr/bin/make -f CMakeFiles/cmTryCompileExec.dir/build.make CMakeFiles/cmTryCompileExec.dir/build
make[4]: Entering directory `/work/project/pcl-android/build/CMakeExternals/Build/vtk-android/CMakeFiles/CMakeTmp'
/usr/bin/cmake -E cmake_progress_report /work/project/pcl-android/build/CMakeExternals/Build/vtk-android/CMakeFiles/CMakeTmp/CMakeFiles 1
Building C object CMakeFiles/cmTryCompileExec.dir/CheckSymbolExists.c.o
/opt/toolchain/android-ndk-r8e/toolchains/arm-linux-androideabi-4.7/prebuilt/linux-x86_64/bin/arm-linux-androideabi-gcc  -DANDROID -fexceptions -Wno-psabi --sysroot=/opt/toolchain/android-ndk-r8e/platforms/android-8/arch-arm -fpic -funwind-tables -finline-limit=64 -fsigned-char -no-canonical-prefixes -march=armv7-a -mfloat-abi=softfp -mfpu=vfpv3-d16 -fdata-sections -ffunction-sections -Wa,--noexecstack     -isystem /opt/toolchain/android-ndk-r8e/platforms/android-8/arch-arm/usr/include -isystem /opt/toolchain/android-ndk-r8e/sources/cxx-stl/gnu-libstdc++/4.7/include -isystem /opt/toolchain/android-ndk-r8e/sources/cxx-stl/gnu-libstdc++/4.7/libs/armeabi-v7a/include    -o CMakeFiles/cmTryCompileExec.dir/CheckSymbolExists.c.o   -c /work/project/pcl-android/build/CMakeExternals/Build/vtk-android/CMakeFiles/CMakeTmp/CheckSymbolExists.c
/work/project/pcl-android/build/CMakeExternals/Build/vtk-android/CMakeFiles/CMakeTmp/CheckSymbolExists.c: In function 'main':
/work/project/pcl-android/build/CMakeExternals/Build/vtk-android/CMakeFiles/CMakeTmp/CheckSymbolExists.c:8:25: error: 'isinf' undeclared (first use in this function)
/work/project/pcl-android/build/CMakeExternals/Build/vtk-android/CMakeFiles/CMakeTmp/CheckSymbolExists.c:8:25: note: each undeclared identifier is reported only once for each function it appears in
make[4]: *** [CMakeFiles/cmTryCompileExec.dir/CheckSymbolExists.c.o] Error 1
make[4]: Leaving directory `/work/project/pcl-android/build/CMakeExternals/Build/vtk-android/CMakeFiles/CMakeTmp'
make[3]: *** [cmTryCompileExec/fast] Error 2
make[3]: Leaving directory `/work/project/pcl-android/build/CMakeExternals/Build/vtk-android/CMakeFiles/CMakeTmp'

File /work/project/pcl-android/build/CMakeExternals/Build/vtk-android/CMakeFiles/CMakeTmp/CheckSymbolExists.c:
/* */
#include <float.h>

void cmakeRequireSymbol(int dummy,...){(void)dummy;}
int main()
{
#ifndef isinf
  cmakeRequireSymbol(0,&isinf);
#endif
  return 0;
}

Determining if the function _isinf exists failed with the following output:
Change Dir: /work/project/pcl-android/build/CMakeExternals/Build/vtk-android/CMakeFiles/CMakeTmp

Run Build Command:/usr/bin/make "cmTryCompileExec/fast"
make[3]: Entering directory `/work/project/pcl-android/build/CMakeExternals/Build/vtk-android/CMakeFiles/CMakeTmp'
/usr/bin/make -f CMakeFiles/cmTryCompileExec.dir/build.make CMakeFiles/cmTryCompileExec.dir/build
make[4]: Entering directory `/work/project/pcl-android/build/CMakeExternals/Build/vtk-android/CMakeFiles/CMakeTmp'
/usr/bin/cmake -E cmake_progress_report /work/project/pcl-android/build/CMakeExternals/Build/vtk-android/CMakeFiles/CMakeTmp/CMakeFiles 1
Building C object CMakeFiles/cmTryCompileExec.dir/CheckFunctionExists.c.o
/opt/toolchain/android-ndk-r8e/toolchains/arm-linux-androideabi-4.7/prebuilt/linux-x86_64/bin/arm-linux-androideabi-gcc  -DANDROID -fexceptions -Wno-psabi --sysroot=/opt/toolchain/android-ndk-r8e/platforms/android-8/arch-arm -fpic -funwind-tables -finline-limit=64 -fsigned-char -no-canonical-prefixes -march=armv7-a -mfloat-abi=softfp -mfpu=vfpv3-d16 -fdata-sections -ffunction-sections -Wa,--noexecstack    -DCHECK_FUNCTION_EXISTS=_isinf -isystem /opt/toolchain/android-ndk-r8e/platforms/android-8/arch-arm/usr/include -isystem /opt/toolchain/android-ndk-r8e/sources/cxx-stl/gnu-libstdc++/4.7/include -isystem /opt/toolchain/android-ndk-r8e/sources/cxx-stl/gnu-libstdc++/4.7/libs/armeabi-v7a/include    -o CMakeFiles/cmTryCompileExec.dir/CheckFunctionExists.c.o   -c /usr/share/cmake-2.8/Modules/CheckFunctionExists.c
Linking C executable cmTryCompileExec
/usr/bin/cmake -E cmake_link_script CMakeFiles/cmTryCompileExec.dir/link.txt --verbose=1
/opt/toolchain/android-ndk-r8e/toolchains/arm-linux-androideabi-4.7/prebuilt/linux-x86_64/bin/arm-linux-androideabi-gcc   -fexceptions -Wno-psabi --sysroot=/opt/toolchain/android-ndk-r8e/platforms/android-8/arch-arm -fpic -funwind-tables -finline-limit=64 -fsigned-char -no-canonical-prefixes -march=armv7-a -mfloat-abi=softfp -mfpu=vfpv3-d16 -fdata-sections -ffunction-sections -Wa,--noexecstack    -DCHECK_FUNCTION_EXISTS=_isinf   -Wl,--fix-cortex-a8 -Wl,--no-undefined -Wl,--gc-sections -Wl,-z,noexecstack -Wl,-z,relro -Wl,-z,now -Wl,-z,nocopyreloc CMakeFiles/cmTryCompileExec.dir/CheckFunctionExists.c.o -o cmTryCompileExec -rdynamic -L/libs/armeabi-v7a  "/opt/toolchain/android-ndk-r8e/sources/cxx-stl/gnu-libstdc++/4.7/libs/armeabi-v7a/libsupc++.a"
CMakeFiles/cmTryCompileExec.dir/CheckFunctionExists.c.o:CheckFunctionExists.c:function main: error: undefined reference to '_isinf'
collect2: error: ld returned 1 exit status
make[4]: *** [cmTryCompileExec] Error 1
make[4]: Leaving directory `/work/project/pcl-android/build/CMakeExternals/Build/vtk-android/CMakeFiles/CMakeTmp'
make[3]: Leaving directory `/work/project/pcl-android/build/CMakeExternals/Build/vtk-android/CMakeFiles/CMakeTmp'
make[3]: *** [cmTryCompileExec/fast] Error 2


Determining if files windows.h exist failed with the following output:
Change Dir: /work/project/pcl-android/build/CMakeExternals/Build/vtk-android/CMakeFiles/CMakeTmp

Run Build Command:/usr/bin/make "cmTryCompileExec/fast"
make[3]: Entering directory `/work/project/pcl-android/build/CMakeExternals/Build/vtk-android/CMakeFiles/CMakeTmp'
/usr/bin/make -f CMakeFiles/cmTryCompileExec.dir/build.make CMakeFiles/cmTryCompileExec.dir/build
make[4]: Entering directory `/work/project/pcl-android/build/CMakeExternals/Build/vtk-android/CMakeFiles/CMakeTmp'
/usr/bin/cmake -E cmake_progress_report /work/project/pcl-android/build/CMakeExternals/Build/vtk-android/CMakeFiles/CMakeTmp/CMakeFiles 1
Building C object CMakeFiles/cmTryCompileExec.dir/CheckIncludeFiles.c.o
/opt/toolchain/android-ndk-r8e/toolchains/arm-linux-androideabi-4.7/prebuilt/linux-x86_64/bin/arm-linux-androideabi-gcc  -DANDROID -fexceptions -Wno-psabi --sysroot=/opt/toolchain/android-ndk-r8e/platforms/android-8/arch-arm -fpic -funwind-tables -finline-limit=64 -fsigned-char -no-canonical-prefixes -march=armv7-a -mfloat-abi=softfp -mfpu=vfpv3-d16 -fdata-sections -ffunction-sections -Wa,--noexecstack   -w -w   -isystem /opt/toolchain/android-ndk-r8e/platforms/android-8/arch-arm/usr/include -isystem /opt/toolchain/android-ndk-r8e/sources/cxx-stl/gnu-libstdc++/4.7/include -isystem /opt/toolchain/android-ndk-r8e/sources/cxx-stl/gnu-libstdc++/4.7/libs/armeabi-v7a/include    -o CMakeFiles/cmTryCompileExec.dir/CheckIncludeFiles.c.o   -c /work/project/pcl-android/build/CMakeExternals/Build/vtk-android/CMakeFiles/CMakeTmp/CheckIncludeFiles.c
/work/project/pcl-android/build/CMakeExternals/Build/vtk-android/CMakeFiles/CMakeTmp/CheckIncludeFiles.c:2:21: fatal error: windows.h: No such file or directory
compilation terminated.
make[4]: *** [CMakeFiles/cmTryCompileExec.dir/CheckIncludeFiles.c.o] Error 1
make[4]: Leaving directory `/work/project/pcl-android/build/CMakeExternals/Build/vtk-android/CMakeFiles/CMakeTmp'
make[3]: Leaving directory `/work/project/pcl-android/build/CMakeExternals/Build/vtk-android/CMakeFiles/CMakeTmp'
make[3]: *** [cmTryCompileExec/fast] Error 2

Source:
/* */
#include <windows.h>


int main(){return 0;}

Determining if files ieeefp.h exist failed with the following output:
Change Dir: /work/project/pcl-android/build/CMakeExternals/Build/vtk-android/CMakeFiles/CMakeTmp

Run Build Command:/usr/bin/make "cmTryCompileExec/fast"
make[3]: Entering directory `/work/project/pcl-android/build/CMakeExternals/Build/vtk-android/CMakeFiles/CMakeTmp'
/usr/bin/make -f CMakeFiles/cmTryCompileExec.dir/build.make CMakeFiles/cmTryCompileExec.dir/build
make[4]: Entering directory `/work/project/pcl-android/build/CMakeExternals/Build/vtk-android/CMakeFiles/CMakeTmp'
/usr/bin/cmake -E cmake_progress_report /work/project/pcl-android/build/CMakeExternals/Build/vtk-android/CMakeFiles/CMakeTmp/CMakeFiles 1
Building C object CMakeFiles/cmTryCompileExec.dir/CheckIncludeFiles.c.o
/opt/toolchain/android-ndk-r8e/toolchains/arm-linux-androideabi-4.7/prebuilt/linux-x86_64/bin/arm-linux-androideabi-gcc  -DANDROID -fexceptions -Wno-psabi --sysroot=/opt/toolchain/android-ndk-r8e/platforms/android-8/arch-arm -fpic -funwind-tables -finline-limit=64 -fsigned-char -no-canonical-prefixes -march=armv7-a -mfloat-abi=softfp -mfpu=vfpv3-d16 -fdata-sections -ffunction-sections -Wa,--noexecstack   -w -w   -isystem /opt/toolchain/android-ndk-r8e/platforms/android-8/arch-arm/usr/include -isystem /opt/toolchain/android-ndk-r8e/sources/cxx-stl/gnu-libstdc++/4.7/include -isystem /opt/toolchain/android-ndk-r8e/sources/cxx-stl/gnu-libstdc++/4.7/libs/armeabi-v7a/include    -o CMakeFiles/cmTryCompileExec.dir/CheckIncludeFiles.c.o   -c /work/project/pcl-android/build/CMakeExternals/Build/vtk-android/CMakeFiles/CMakeTmp/CheckIncludeFiles.c
/work/project/pcl-android/build/CMakeExternals/Build/vtk-android/CMakeFiles/CMakeTmp/CheckIncludeFiles.c:2:20: fatal error: ieeefp.h: No such file or directory
compilation terminated.
make[4]: Leaving directory `/work/project/pcl-android/build/CMakeExternals/Build/vtk-android/CMakeFiles/CMakeTmp'
make[4]: *** [CMakeFiles/cmTryCompileExec.dir/CheckIncludeFiles.c.o] Error 1
make[3]: Leaving directory `/work/project/pcl-android/build/CMakeExternals/Build/vtk-android/CMakeFiles/CMakeTmp'
make[3]: *** [cmTryCompileExec/fast] Error 2

Source:
/* */
#include <ieeefp.h>


int main(){return 0;}

Determining if the function floor exists failed with the following output:
Change Dir: /work/project/pcl-android/build/CMakeExternals/Build/vtk-android/CMakeFiles/CMakeTmp

Run Build Command:/usr/bin/make "cmTryCompileExec/fast"
make[3]: Entering directory `/work/project/pcl-android/build/CMakeExternals/Build/vtk-android/CMakeFiles/CMakeTmp'
/usr/bin/make -f CMakeFiles/cmTryCompileExec.dir/build.make CMakeFiles/cmTryCompileExec.dir/build
make[4]: Entering directory `/work/project/pcl-android/build/CMakeExternals/Build/vtk-android/CMakeFiles/CMakeTmp'
/usr/bin/cmake -E cmake_progress_report /work/project/pcl-android/build/CMakeExternals/Build/vtk-android/CMakeFiles/CMakeTmp/CMakeFiles 1
Building C object CMakeFiles/cmTryCompileExec.dir/CheckFunctionExists.c.o
/opt/toolchain/android-ndk-r8e/toolchains/arm-linux-androideabi-4.7/prebuilt/linux-x86_64/bin/arm-linux-androideabi-gcc  -DANDROID -fexceptions -Wno-psabi --sysroot=/opt/toolchain/android-ndk-r8e/platforms/android-8/arch-arm -fpic -funwind-tables -finline-limit=64 -fsigned-char -no-canonical-prefixes -march=armv7-a -mfloat-abi=softfp -mfpu=vfpv3-d16 -fdata-sections -ffunction-sections -Wa,--noexecstack   -w -w  -DCHECK_FUNCTION_EXISTS=floor -isystem /opt/toolchain/android-ndk-r8e/platforms/android-8/arch-arm/usr/include -isystem /opt/toolchain/android-ndk-r8e/sources/cxx-stl/gnu-libstdc++/4.7/include -isystem /opt/toolchain/android-ndk-r8e/sources/cxx-stl/gnu-libstdc++/4.7/libs/armeabi-v7a/include    -o CMakeFiles/cmTryCompileExec.dir/CheckFunctionExists.c.o   -c /usr/share/cmake-2.8/Modules/CheckFunctionExists.c
Linking C executable cmTryCompileExec
/usr/bin/cmake -E cmake_link_script CMakeFiles/cmTryCompileExec.dir/link.txt --verbose=1
/opt/toolchain/android-ndk-r8e/toolchains/arm-linux-androideabi-4.7/prebuilt/linux-x86_64/bin/arm-linux-androideabi-gcc   -fexceptions -Wno-psabi --sysroot=/opt/toolchain/android-ndk-r8e/platforms/android-8/arch-arm -fpic -funwind-tables -finline-limit=64 -fsigned-char -no-canonical-prefixes -march=armv7-a -mfloat-abi=softfp -mfpu=vfpv3-d16 -fdata-sections -ffunction-sections -Wa,--noexecstack   -w -w  -DCHECK_FUNCTION_EXISTS=floor   -Wl,--fix-cortex-a8 -Wl,--no-undefined -Wl,--gc-sections -Wl,-z,noexecstack -Wl,-z,relro -Wl,-z,now -Wl,-z,nocopyreloc CMakeFiles/cmTryCompileExec.dir/CheckFunctionExists.c.o -o cmTryCompileExec -rdynamic -L/libs/armeabi-v7a  "/opt/toolchain/android-ndk-r8e/sources/cxx-stl/gnu-libstdc++/4.7/libs/armeabi-v7a/libsupc++.a"
CMakeFiles/cmTryCompileExec.dir/CheckFunctionExists.c.o:CheckFunctionExists.c:function main: error: undefined reference to 'floor'
collect2: error: ld returned 1 exit status
make[4]: Leaving directory `/work/project/pcl-android/build/CMakeExternals/Build/vtk-android/CMakeFiles/CMakeTmp'
make[4]: *** [cmTryCompileExec] Error 1
make[3]: Leaving directory `/work/project/pcl-android/build/CMakeExternals/Build/vtk-android/CMakeFiles/CMakeTmp'
make[3]: *** [cmTryCompileExec/fast] Error 2


Determining if the function pow exists failed with the following output:
Change Dir: /work/project/pcl-android/build/CMakeExternals/Build/vtk-android/CMakeFiles/CMakeTmp

Run Build Command:/usr/bin/make "cmTryCompileExec/fast"
make[3]: Entering directory `/work/project/pcl-android/build/CMakeExternals/Build/vtk-android/CMakeFiles/CMakeTmp'
/usr/bin/make -f CMakeFiles/cmTryCompileExec.dir/build.make CMakeFiles/cmTryCompileExec.dir/build
make[4]: Entering directory `/work/project/pcl-android/build/CMakeExternals/Build/vtk-android/CMakeFiles/CMakeTmp'
/usr/bin/cmake -E cmake_progress_report /work/project/pcl-android/build/CMakeExternals/Build/vtk-android/CMakeFiles/CMakeTmp/CMakeFiles 1
Building C object CMakeFiles/cmTryCompileExec.dir/CheckFunctionExists.c.o
/opt/toolchain/android-ndk-r8e/toolchains/arm-linux-androideabi-4.7/prebuilt/linux-x86_64/bin/arm-linux-androideabi-gcc  -DANDROID -fexceptions -Wno-psabi --sysroot=/opt/toolchain/android-ndk-r8e/platforms/android-8/arch-arm -fpic -funwind-tables -finline-limit=64 -fsigned-char -no-canonical-prefixes -march=armv7-a -mfloat-abi=softfp -mfpu=vfpv3-d16 -fdata-sections -ffunction-sections -Wa,--noexecstack   -w -w  -DCHECK_FUNCTION_EXISTS=pow -isystem /opt/toolchain/android-ndk-r8e/platforms/android-8/arch-arm/usr/include -isystem /opt/toolchain/android-ndk-r8e/sources/cxx-stl/gnu-libstdc++/4.7/include -isystem /opt/toolchain/android-ndk-r8e/sources/cxx-stl/gnu-libstdc++/4.7/libs/armeabi-v7a/include    -o CMakeFiles/cmTryCompileExec.dir/CheckFunctionExists.c.o   -c /usr/share/cmake-2.8/Modules/CheckFunctionExists.c
Linking C executable cmTryCompileExec
/usr/bin/cmake -E cmake_link_script CMakeFiles/cmTryCompileExec.dir/link.txt --verbose=1
/opt/toolchain/android-ndk-r8e/toolchains/arm-linux-androideabi-4.7/prebuilt/linux-x86_64/bin/arm-linux-androideabi-gcc   -fexceptions -Wno-psabi --sysroot=/opt/toolchain/android-ndk-r8e/platforms/android-8/arch-arm -fpic -funwind-tables -finline-limit=64 -fsigned-char -no-canonical-prefixes -march=armv7-a -mfloat-abi=softfp -mfpu=vfpv3-d16 -fdata-sections -ffunction-sections -Wa,--noexecstack   -w -w  -DCHECK_FUNCTION_EXISTS=pow   -Wl,--fix-cortex-a8 -Wl,--no-undefined -Wl,--gc-sections -Wl,-z,noexecstack -Wl,-z,relro -Wl,-z,now -Wl,-z,nocopyreloc CMakeFiles/cmTryCompileExec.dir/CheckFunctionExists.c.o -o cmTryCompileExec -rdynamic -L/libs/armeabi-v7a  "/opt/toolchain/android-ndk-r8e/sources/cxx-stl/gnu-libstdc++/4.7/libs/armeabi-v7a/libsupc++.a"
CMakeFiles/cmTryCompileExec.dir/CheckFunctionExists.c.o:CheckFunctionExists.c:function main: error: undefined reference to 'pow'
collect2: error: ld returned 1 exit status
make[4]: Leaving directory `/work/project/pcl-android/build/CMakeExternals/Build/vtk-android/CMakeFiles/CMakeTmp'
make[4]: *** [cmTryCompileExec] Error 1
make[3]: Leaving directory `/work/project/pcl-android/build/CMakeExternals/Build/vtk-android/CMakeFiles/CMakeTmp'
make[3]: *** [cmTryCompileExec/fast] Error 2


Determining if the function sqrt exists failed with the following output:
Change Dir: /work/project/pcl-android/build/CMakeExternals/Build/vtk-android/CMakeFiles/CMakeTmp

Run Build Command:/usr/bin/make "cmTryCompileExec/fast"
make[3]: Entering directory `/work/project/pcl-android/build/CMakeExternals/Build/vtk-android/CMakeFiles/CMakeTmp'
/usr/bin/make -f CMakeFiles/cmTryCompileExec.dir/build.make CMakeFiles/cmTryCompileExec.dir/build
make[4]: Entering directory `/work/project/pcl-android/build/CMakeExternals/Build/vtk-android/CMakeFiles/CMakeTmp'
/usr/bin/cmake -E cmake_progress_report /work/project/pcl-android/build/CMakeExternals/Build/vtk-android/CMakeFiles/CMakeTmp/CMakeFiles 1
Building C object CMakeFiles/cmTryCompileExec.dir/CheckFunctionExists.c.o
/opt/toolchain/android-ndk-r8e/toolchains/arm-linux-androideabi-4.7/prebuilt/linux-x86_64/bin/arm-linux-androideabi-gcc  -DANDROID -fexceptions -Wno-psabi --sysroot=/opt/toolchain/android-ndk-r8e/platforms/android-8/arch-arm -fpic -funwind-tables -finline-limit=64 -fsigned-char -no-canonical-prefixes -march=armv7-a -mfloat-abi=softfp -mfpu=vfpv3-d16 -fdata-sections -ffunction-sections -Wa,--noexecstack   -w -w  -DCHECK_FUNCTION_EXISTS=sqrt -isystem /opt/toolchain/android-ndk-r8e/platforms/android-8/arch-arm/usr/include -isystem /opt/toolchain/android-ndk-r8e/sources/cxx-stl/gnu-libstdc++/4.7/include -isystem /opt/toolchain/android-ndk-r8e/sources/cxx-stl/gnu-libstdc++/4.7/libs/armeabi-v7a/include    -o CMakeFiles/cmTryCompileExec.dir/CheckFunctionExists.c.o   -c /usr/share/cmake-2.8/Modules/CheckFunctionExists.c
Linking C executable cmTryCompileExec
/usr/bin/cmake -E cmake_link_script CMakeFiles/cmTryCompileExec.dir/link.txt --verbose=1
/opt/toolchain/android-ndk-r8e/toolchains/arm-linux-androideabi-4.7/prebuilt/linux-x86_64/bin/arm-linux-androideabi-gcc   -fexceptions -Wno-psabi --sysroot=/opt/toolchain/android-ndk-r8e/platforms/android-8/arch-arm -fpic -funwind-tables -finline-limit=64 -fsigned-char -no-canonical-prefixes -march=armv7-a -mfloat-abi=softfp -mfpu=vfpv3-d16 -fdata-sections -ffunction-sections -Wa,--noexecstack   -w -w  -DCHECK_FUNCTION_EXISTS=sqrt   -Wl,--fix-cortex-a8 -Wl,--no-undefined -Wl,--gc-sections -Wl,-z,noexecstack -Wl,-z,relro -Wl,-z,now -Wl,-z,nocopyreloc CMakeFiles/cmTryCompileExec.dir/CheckFunctionExists.c.o -o cmTryCompileExec -rdynamic -L/libs/armeabi-v7a  "/opt/toolchain/android-ndk-r8e/sources/cxx-stl/gnu-libstdc++/4.7/libs/armeabi-v7a/libsupc++.a"
CMakeFiles/cmTryCompileExec.dir/CheckFunctionExists.c.o:CheckFunctionExists.c:function main: error: undefined reference to 'sqrt'
collect2: error: ld returned 1 exit status
make[4]: *** [cmTryCompileExec] Error 1
make[4]: Leaving directory `/work/project/pcl-android/build/CMakeExternals/Build/vtk-android/CMakeFiles/CMakeTmp'
make[3]: *** [cmTryCompileExec/fast] Error 2
make[3]: Leaving directory `/work/project/pcl-android/build/CMakeExternals/Build/vtk-android/CMakeFiles/CMakeTmp'


Determining if the function areroul exists failed with the following output:
Change Dir: /work/project/pcl-android/build/CMakeExternals/Build/vtk-android/CMakeFiles/CMakeTmp

Run Build Command:/usr/bin/make "cmTryCompileExec/fast"
make[3]: Entering directory `/work/project/pcl-android/build/CMakeExternals/Build/vtk-android/CMakeFiles/CMakeTmp'
/usr/bin/make -f CMakeFiles/cmTryCompileExec.dir/build.make CMakeFiles/cmTryCompileExec.dir/build
make[4]: Entering directory `/work/project/pcl-android/build/CMakeExternals/Build/vtk-android/CMakeFiles/CMakeTmp'
/usr/bin/cmake -E cmake_progress_report /work/project/pcl-android/build/CMakeExternals/Build/vtk-android/CMakeFiles/CMakeTmp/CMakeFiles 1
Building C object CMakeFiles/cmTryCompileExec.dir/CheckFunctionExists.c.o
/opt/toolchain/android-ndk-r8e/toolchains/arm-linux-androideabi-4.7/prebuilt/linux-x86_64/bin/arm-linux-androideabi-gcc  -DANDROID -fexceptions -Wno-psabi --sysroot=/opt/toolchain/android-ndk-r8e/platforms/android-8/arch-arm -fpic -funwind-tables -finline-limit=64 -fsigned-char -no-canonical-prefixes -march=armv7-a -mfloat-abi=softfp -mfpu=vfpv3-d16 -fdata-sections -ffunction-sections -Wa,--noexecstack   -w -w  -DCHECK_FUNCTION_EXISTS=areroul -isystem /opt/toolchain/android-ndk-r8e/platforms/android-8/arch-arm/usr/include -isystem /opt/toolchain/android-ndk-r8e/sources/cxx-stl/gnu-libstdc++/4.7/include -isystem /opt/toolchain/android-ndk-r8e/sources/cxx-stl/gnu-libstdc++/4.7/libs/armeabi-v7a/include    -o CMakeFiles/cmTryCompileExec.dir/CheckFunctionExists.c.o   -c /usr/share/cmake-2.8/Modules/CheckFunctionExists.c
Linking C executable cmTryCompileExec
/usr/bin/cmake -E cmake_link_script CMakeFiles/cmTryCompileExec.dir/link.txt --verbose=1
/opt/toolchain/android-ndk-r8e/toolchains/arm-linux-androideabi-4.7/prebuilt/linux-x86_64/bin/arm-linux-androideabi-gcc   -fexceptions -Wno-psabi --sysroot=/opt/toolchain/android-ndk-r8e/platforms/android-8/arch-arm -fpic -funwind-tables -finline-limit=64 -fsigned-char -no-canonical-prefixes -march=armv7-a -mfloat-abi=softfp -mfpu=vfpv3-d16 -fdata-sections -ffunction-sections -Wa,--noexecstack   -w -w  -DCHECK_FUNCTION_EXISTS=areroul   -Wl,--fix-cortex-a8 -Wl,--no-undefined -Wl,--gc-sections -Wl,-z,noexecstack -Wl,-z,relro -Wl,-z,now -Wl,-z,nocopyreloc CMakeFiles/cmTryCompileExec.dir/CheckFunctionExists.c.o -o cmTryCompileExec -rdynamic -L/libs/armeabi-v7a  "/opt/toolchain/android-ndk-r8e/sources/cxx-stl/gnu-libstdc++/4.7/libs/armeabi-v7a/libsupc++.a"
CMakeFiles/cmTryCompileExec.dir/CheckFunctionExists.c.o:CheckFunctionExists.c:function main: error: undefined reference to 'areroul'
collect2: error: ld returned 1 exit status
make[4]: Leaving directory `/work/project/pcl-android/build/CMakeExternals/Build/vtk-android/CMakeFiles/CMakeTmp'
make[4]: *** [cmTryCompileExec] Error 1
make[3]: Leaving directory `/work/project/pcl-android/build/CMakeExternals/Build/vtk-android/CMakeFiles/CMakeTmp'
make[3]: *** [cmTryCompileExec/fast] Error 2


Determining if the function shl_load exists in the dld;dl failed with the following output:
Change Dir: /work/project/pcl-android/build/CMakeExternals/Build/vtk-android/CMakeFiles/CMakeTmp

Run Build Command:/usr/bin/make "cmTryCompileExec/fast"
make[3]: Entering directory `/work/project/pcl-android/build/CMakeExternals/Build/vtk-android/CMakeFiles/CMakeTmp'
/usr/bin/make -f CMakeFiles/cmTryCompileExec.dir/build.make CMakeFiles/cmTryCompileExec.dir/build
make[4]: Entering directory `/work/project/pcl-android/build/CMakeExternals/Build/vtk-android/CMakeFiles/CMakeTmp'
/usr/bin/cmake -E cmake_progress_report /work/project/pcl-android/build/CMakeExternals/Build/vtk-android/CMakeFiles/CMakeTmp/CMakeFiles 1
Building C object CMakeFiles/cmTryCompileExec.dir/CheckFunctionExists.c.o
/opt/toolchain/android-ndk-r8e/toolchains/arm-linux-androideabi-4.7/prebuilt/linux-x86_64/bin/arm-linux-androideabi-gcc  -DANDROID -fexceptions -Wno-psabi --sysroot=/opt/toolchain/android-ndk-r8e/platforms/android-8/arch-arm -fpic -funwind-tables -finline-limit=64 -fsigned-char -no-canonical-prefixes -march=armv7-a -mfloat-abi=softfp -mfpu=vfpv3-d16 -fdata-sections -ffunction-sections -Wa,--noexecstack   -w -w  -DCHECK_FUNCTION_EXISTS=shl_load -isystem /opt/toolchain/android-ndk-r8e/platforms/android-8/arch-arm/usr/include -isystem /opt/toolchain/android-ndk-r8e/sources/cxx-stl/gnu-libstdc++/4.7/include -isystem /opt/toolchain/android-ndk-r8e/sources/cxx-stl/gnu-libstdc++/4.7/libs/armeabi-v7a/include    -o CMakeFiles/cmTryCompileExec.dir/CheckFunctionExists.c.o   -c /usr/share/cmake-2.8/Modules/CheckFunctionExists.c
Linking C executable cmTryCompileExec
/usr/bin/cmake -E cmake_link_script CMakeFiles/cmTryCompileExec.dir/link.txt --verbose=1
/opt/toolchain/android-ndk-r8e/toolchains/arm-linux-androideabi-4.7/prebuilt/linux-x86_64/bin/arm-linux-androideabi-gcc   -fexceptions -Wno-psabi --sysroot=/opt/toolchain/android-ndk-r8e/platforms/android-8/arch-arm -fpic -funwind-tables -finline-limit=64 -fsigned-char -no-canonical-prefixes -march=armv7-a -mfloat-abi=softfp -mfpu=vfpv3-d16 -fdata-sections -ffunction-sections -Wa,--noexecstack   -w -w  -DCHECK_FUNCTION_EXISTS=shl_load   -Wl,--fix-cortex-a8 -Wl,--no-undefined -Wl,--gc-sections -Wl,-z,noexecstack -Wl,-z,relro -Wl,-z,now -Wl,-z,nocopyreloc CMakeFiles/cmTryCompileExec.dir/CheckFunctionExists.c.o -o cmTryCompileExec -rdynamic -L/libs/armeabi-v7a -ldld -ldl  "/opt/toolchain/android-ndk-r8e/sources/cxx-stl/gnu-libstdc++/4.7/libs/armeabi-v7a/libsupc++.a"
/opt/toolchain/android-ndk-r8e/toolchains/arm-linux-androideabi-4.7/prebuilt/linux-x86_64/bin/../lib/gcc/arm-linux-androideabi/4.7/../../../../arm-linux-androideabi/bin/ld: error: cannot find -ldld
CMakeFiles/cmTryCompileExec.dir/CheckFunctionExists.c.o:CheckFunctionExists.c:function main: error: undefined reference to 'shl_load'
collect2: error: ld returned 1 exit status
make[4]: *** [cmTryCompileExec] Error 1
make[4]: Leaving directory `/work/project/pcl-android/build/CMakeExternals/Build/vtk-android/CMakeFiles/CMakeTmp'
make[3]: *** [cmTryCompileExec/fast] Error 2
make[3]: Leaving directory `/work/project/pcl-android/build/CMakeExternals/Build/vtk-android/CMakeFiles/CMakeTmp'


Determining if files stdio.h;stddef.h;sys/types.h;inttypes.h;dlfcn.h;fcntl.h;malloc.h;memory.h;netdb.h;limits.h;sys/socket.h;netinet/in.h;sys/select.h;stdint.h;stdlib.h;string.h;strings.h;sys/stat.h;sys/time.h;time.h;unistd.h;signal.h;errno.h;ansidecl.h exist failed with the following output:
Change Dir: /work/project/pcl-android/build/CMakeExternals/Build/vtk-android/CMakeFiles/CMakeTmp

Run Build Command:/usr/bin/make "cmTryCompileExec/fast"
make[3]: Entering directory `/work/project/pcl-android/build/CMakeExternals/Build/vtk-android/CMakeFiles/CMakeTmp'
/usr/bin/make -f CMakeFiles/cmTryCompileExec.dir/build.make CMakeFiles/cmTryCompileExec.dir/build
make[4]: Entering directory `/work/project/pcl-android/build/CMakeExternals/Build/vtk-android/CMakeFiles/CMakeTmp'
/usr/bin/cmake -E cmake_progress_report /work/project/pcl-android/build/CMakeExternals/Build/vtk-android/CMakeFiles/CMakeTmp/CMakeFiles 1
Building C object CMakeFiles/cmTryCompileExec.dir/CheckIncludeFiles.c.o
/opt/toolchain/android-ndk-r8e/toolchains/arm-linux-androideabi-4.7/prebuilt/linux-x86_64/bin/arm-linux-androideabi-gcc  -DANDROID -D_GNU_SOURCE -fexceptions -Wno-psabi --sysroot=/opt/toolchain/android-ndk-r8e/platforms/android-8/arch-arm -fpic -funwind-tables -finline-limit=64 -fsigned-char -no-canonical-prefixes -march=armv7-a -mfloat-abi=softfp -mfpu=vfpv3-d16 -fdata-sections -ffunction-sections -Wa,--noexecstack   -w -w   -isystem /opt/toolchain/android-ndk-r8e/platforms/android-8/arch-arm/usr/include -isystem /opt/toolchain/android-ndk-r8e/sources/cxx-stl/gnu-libstdc++/4.7/include -isystem /opt/toolchain/android-ndk-r8e/sources/cxx-stl/gnu-libstdc++/4.7/libs/armeabi-v7a/include    -o CMakeFiles/cmTryCompileExec.dir/CheckIncludeFiles.c.o   -c /work/project/pcl-android/build/CMakeExternals/Build/vtk-android/CMakeFiles/CMakeTmp/CheckIncludeFiles.c
/work/project/pcl-android/build/CMakeExternals/Build/vtk-android/CMakeFiles/CMakeTmp/CheckIncludeFiles.c:25:22: fatal error: ansidecl.h: No such file or directory
compilation terminated.
make[4]: Leaving directory `/work/project/pcl-android/build/CMakeExternals/Build/vtk-android/CMakeFiles/CMakeTmp'
make[4]: *** [CMakeFiles/cmTryCompileExec.dir/CheckIncludeFiles.c.o] Error 1
make[3]: Leaving directory `/work/project/pcl-android/build/CMakeExternals/Build/vtk-android/CMakeFiles/CMakeTmp'
make[3]: *** [cmTryCompileExec/fast] Error 2

Source:
/* */
#include <stdio.h>
#include <stddef.h>
#include <sys/types.h>
#include <inttypes.h>
#include <dlfcn.h>
#include <fcntl.h>
#include <malloc.h>
#include <memory.h>
#include <netdb.h>
#include <limits.h>
#include <sys/socket.h>
#include <netinet/in.h>
#include <sys/select.h>
#include <stdint.h>
#include <stdlib.h>
#include <string.h>
#include <strings.h>
#include <sys/stat.h>
#include <sys/time.h>
#include <time.h>
#include <unistd.h>
#include <signal.h>
#include <errno.h>
#include <ansidecl.h>


int main(){return 0;}

Determining if files stdio.h;stddef.h;sys/types.h;inttypes.h;dlfcn.h;fcntl.h;malloc.h;memory.h;netdb.h;limits.h;sys/socket.h;netinet/in.h;sys/select.h;stdint.h;stdlib.h;string.h;strings.h;sys/stat.h;sys/time.h;time.h;unistd.h;signal.h;errno.h;arpa/inet.h;arpa/nameser.h;ctype.h;dirent.h;dl.h exist failed with the following output:
Change Dir: /work/project/pcl-android/build/CMakeExternals/Build/vtk-android/CMakeFiles/CMakeTmp

Run Build Command:/usr/bin/make "cmTryCompileExec/fast"
make[3]: Entering directory `/work/project/pcl-android/build/CMakeExternals/Build/vtk-android/CMakeFiles/CMakeTmp'
/usr/bin/make -f CMakeFiles/cmTryCompileExec.dir/build.make CMakeFiles/cmTryCompileExec.dir/build
make[4]: Entering directory `/work/project/pcl-android/build/CMakeExternals/Build/vtk-android/CMakeFiles/CMakeTmp'
/usr/bin/cmake -E cmake_progress_report /work/project/pcl-android/build/CMakeExternals/Build/vtk-android/CMakeFiles/CMakeTmp/CMakeFiles 1
Building C object CMakeFiles/cmTryCompileExec.dir/CheckIncludeFiles.c.o
/opt/toolchain/android-ndk-r8e/toolchains/arm-linux-androideabi-4.7/prebuilt/linux-x86_64/bin/arm-linux-androideabi-gcc  -DANDROID -D_GNU_SOURCE -fexceptions -Wno-psabi --sysroot=/opt/toolchain/android-ndk-r8e/platforms/android-8/arch-arm -fpic -funwind-tables -finline-limit=64 -fsigned-char -no-canonical-prefixes -march=armv7-a -mfloat-abi=softfp -mfpu=vfpv3-d16 -fdata-sections -ffunction-sections -Wa,--noexecstack   -w -w   -isystem /opt/toolchain/android-ndk-r8e/platforms/android-8/arch-arm/usr/include -isystem /opt/toolchain/android-ndk-r8e/sources/cxx-stl/gnu-libstdc++/4.7/include -isystem /opt/toolchain/android-ndk-r8e/sources/cxx-stl/gnu-libstdc++/4.7/libs/armeabi-v7a/include    -o CMakeFiles/cmTryCompileExec.dir/CheckIncludeFiles.c.o   -c /work/project/pcl-android/build/CMakeExternals/Build/vtk-android/CMakeFiles/CMakeTmp/CheckIncludeFiles.c
/work/project/pcl-android/build/CMakeExternals/Build/vtk-android/CMakeFiles/CMakeTmp/CheckIncludeFiles.c:29:16: fatal error: dl.h: No such file or directory
compilation terminated.
make[4]: Leaving directory `/work/project/pcl-android/build/CMakeExternals/Build/vtk-android/CMakeFiles/CMakeTmp'
make[4]: *** [CMakeFiles/cmTryCompileExec.dir/CheckIncludeFiles.c.o] Error 1
make[3]: *** [cmTryCompileExec/fast] Error 2
make[3]: Leaving directory `/work/project/pcl-android/build/CMakeExternals/Build/vtk-android/CMakeFiles/CMakeTmp'

Source:
/* */
#include <stdio.h>
#include <stddef.h>
#include <sys/types.h>
#include <inttypes.h>
#include <dlfcn.h>
#include <fcntl.h>
#include <malloc.h>
#include <memory.h>
#include <netdb.h>
#include <limits.h>
#include <sys/socket.h>
#include <netinet/in.h>
#include <sys/select.h>
#include <stdint.h>
#include <stdlib.h>
#include <string.h>
#include <strings.h>
#include <sys/stat.h>
#include <sys/time.h>
#include <time.h>
#include <unistd.h>
#include <signal.h>
#include <errno.h>
#include <arpa/inet.h>
#include <arpa/nameser.h>
#include <ctype.h>
#include <dirent.h>
#include <dl.h>


int main(){return 0;}

Determining if files stdio.h;stddef.h;sys/types.h;inttypes.h;dlfcn.h;fcntl.h;malloc.h;memory.h;netdb.h;limits.h;sys/socket.h;netinet/in.h;sys/select.h;stdint.h;stdlib.h;string.h;strings.h;sys/stat.h;sys/time.h;time.h;unistd.h;signal.h;errno.h;arpa/inet.h;arpa/nameser.h;ctype.h;dirent.h;float.h;fp_class.h exist failed with the following output:
Change Dir: /work/project/pcl-android/build/CMakeExternals/Build/vtk-android/CMakeFiles/CMakeTmp

Run Build Command:/usr/bin/make "cmTryCompileExec/fast"
make[3]: Entering directory `/work/project/pcl-android/build/CMakeExternals/Build/vtk-android/CMakeFiles/CMakeTmp'
/usr/bin/make -f CMakeFiles/cmTryCompileExec.dir/build.make CMakeFiles/cmTryCompileExec.dir/build
make[4]: Entering directory `/work/project/pcl-android/build/CMakeExternals/Build/vtk-android/CMakeFiles/CMakeTmp'
/usr/bin/cmake -E cmake_progress_report /work/project/pcl-android/build/CMakeExternals/Build/vtk-android/CMakeFiles/CMakeTmp/CMakeFiles 1
Building C object CMakeFiles/cmTryCompileExec.dir/CheckIncludeFiles.c.o
/opt/toolchain/android-ndk-r8e/toolchains/arm-linux-androideabi-4.7/prebuilt/linux-x86_64/bin/arm-linux-androideabi-gcc  -DANDROID -D_GNU_SOURCE -fexceptions -Wno-psabi --sysroot=/opt/toolchain/android-ndk-r8e/platforms/android-8/arch-arm -fpic -funwind-tables -finline-limit=64 -fsigned-char -no-canonical-prefixes -march=armv7-a -mfloat-abi=softfp -mfpu=vfpv3-d16 -fdata-sections -ffunction-sections -Wa,--noexecstack   -w -w   -isystem /opt/toolchain/android-ndk-r8e/platforms/android-8/arch-arm/usr/include -isystem /opt/toolchain/android-ndk-r8e/sources/cxx-stl/gnu-libstdc++/4.7/include -isystem /opt/toolchain/android-ndk-r8e/sources/cxx-stl/gnu-libstdc++/4.7/libs/armeabi-v7a/include    -o CMakeFiles/cmTryCompileExec.dir/CheckIncludeFiles.c.o   -c /work/project/pcl-android/build/CMakeExternals/Build/vtk-android/CMakeFiles/CMakeTmp/CheckIncludeFiles.c
/work/project/pcl-android/build/CMakeExternals/Build/vtk-android/CMakeFiles/CMakeTmp/CheckIncludeFiles.c:30:22: fatal error: fp_class.h: No such file or directory
compilation terminated.
make[4]: *** [CMakeFiles/cmTryCompileExec.dir/CheckIncludeFiles.c.o] Error 1
make[4]: Leaving directory `/work/project/pcl-android/build/CMakeExternals/Build/vtk-android/CMakeFiles/CMakeTmp'
make[3]: Leaving directory `/work/project/pcl-android/build/CMakeExternals/Build/vtk-android/CMakeFiles/CMakeTmp'
make[3]: *** [cmTryCompileExec/fast] Error 2

Source:
/* */
#include <stdio.h>
#include <stddef.h>
#include <sys/types.h>
#include <inttypes.h>
#include <dlfcn.h>
#include <fcntl.h>
#include <malloc.h>
#include <memory.h>
#include <netdb.h>
#include <limits.h>
#include <sys/socket.h>
#include <netinet/in.h>
#include <sys/select.h>
#include <stdint.h>
#include <stdlib.h>
#include <string.h>
#include <strings.h>
#include <sys/stat.h>
#include <sys/time.h>
#include <time.h>
#include <unistd.h>
#include <signal.h>
#include <errno.h>
#include <arpa/inet.h>
#include <arpa/nameser.h>
#include <ctype.h>
#include <dirent.h>
#include <float.h>
#include <fp_class.h>


int main(){return 0;}

Determining if files stdio.h;stddef.h;sys/types.h;inttypes.h;dlfcn.h;fcntl.h;malloc.h;memory.h;netdb.h;limits.h;sys/socket.h;netinet/in.h;sys/select.h;stdint.h;stdlib.h;string.h;strings.h;sys/stat.h;sys/time.h;time.h;unistd.h;signal.h;errno.h;arpa/inet.h;arpa/nameser.h;ctype.h;dirent.h;float.h;math.h;nan.h exist failed with the following output:
Change Dir: /work/project/pcl-android/build/CMakeExternals/Build/vtk-android/CMakeFiles/CMakeTmp

Run Build Command:/usr/bin/make "cmTryCompileExec/fast"
make[3]: Entering directory `/work/project/pcl-android/build/CMakeExternals/Build/vtk-android/CMakeFiles/CMakeTmp'
/usr/bin/make -f CMakeFiles/cmTryCompileExec.dir/build.make CMakeFiles/cmTryCompileExec.dir/build
make[4]: Entering directory `/work/project/pcl-android/build/CMakeExternals/Build/vtk-android/CMakeFiles/CMakeTmp'
/usr/bin/cmake -E cmake_progress_report /work/project/pcl-android/build/CMakeExternals/Build/vtk-android/CMakeFiles/CMakeTmp/CMakeFiles 1
Building C object CMakeFiles/cmTryCompileExec.dir/CheckIncludeFiles.c.o
/opt/toolchain/android-ndk-r8e/toolchains/arm-linux-androideabi-4.7/prebuilt/linux-x86_64/bin/arm-linux-androideabi-gcc  -DANDROID -D_GNU_SOURCE -fexceptions -Wno-psabi --sysroot=/opt/toolchain/android-ndk-r8e/platforms/android-8/arch-arm -fpic -funwind-tables -finline-limit=64 -fsigned-char -no-canonical-prefixes -march=armv7-a -mfloat-abi=softfp -mfpu=vfpv3-d16 -fdata-sections -ffunction-sections -Wa,--noexecstack   -w -w   -isystem /opt/toolchain/android-ndk-r8e/platforms/android-8/arch-arm/usr/include -isystem /opt/toolchain/android-ndk-r8e/sources/cxx-stl/gnu-libstdc++/4.7/include -isystem /opt/toolchain/android-ndk-r8e/sources/cxx-stl/gnu-libstdc++/4.7/libs/armeabi-v7a/include    -o CMakeFiles/cmTryCompileExec.dir/CheckIncludeFiles.c.o   -c /work/project/pcl-android/build/CMakeExternals/Build/vtk-android/CMakeFiles/CMakeTmp/CheckIncludeFiles.c
/work/project/pcl-android/build/CMakeExternals/Build/vtk-android/CMakeFiles/CMakeTmp/CheckIncludeFiles.c:31:17: fatal error: nan.h: No such file or directory
compilation terminated.
make[4]: Leaving directory `/work/project/pcl-android/build/CMakeExternals/Build/vtk-android/CMakeFiles/CMakeTmp'
make[4]: *** [CMakeFiles/cmTryCompileExec.dir/CheckIncludeFiles.c.o] Error 1
make[3]: *** [cmTryCompileExec/fast] Error 2
make[3]: Leaving directory `/work/project/pcl-android/build/CMakeExternals/Build/vtk-android/CMakeFiles/CMakeTmp'

Source:
/* */
#include <stdio.h>
#include <stddef.h>
#include <sys/types.h>
#include <inttypes.h>
#include <dlfcn.h>
#include <fcntl.h>
#include <malloc.h>
#include <memory.h>
#include <netdb.h>
#include <limits.h>
#include <sys/socket.h>
#include <netinet/in.h>
#include <sys/select.h>
#include <stdint.h>
#include <stdlib.h>
#include <string.h>
#include <strings.h>
#include <sys/stat.h>
#include <sys/time.h>
#include <time.h>
#include <unistd.h>
#include <signal.h>
#include <errno.h>
#include <arpa/inet.h>
#include <arpa/nameser.h>
#include <ctype.h>
#include <dirent.h>
#include <float.h>
#include <math.h>
#include <nan.h>


int main(){return 0;}

Determining if files stdio.h;stddef.h;sys/types.h;inttypes.h;dlfcn.h;fcntl.h;malloc.h;memory.h;netdb.h;limits.h;sys/socket.h;netinet/in.h;sys/select.h;stdint.h;stdlib.h;string.h;strings.h;sys/stat.h;sys/time.h;time.h;unistd.h;signal.h;errno.h;arpa/inet.h;arpa/nameser.h;ctype.h;dirent.h;float.h;math.h;ndir.h exist failed with the following output:
Change Dir: /work/project/pcl-android/build/CMakeExternals/Build/vtk-android/CMakeFiles/CMakeTmp

Run Build Command:/usr/bin/make "cmTryCompileExec/fast"
make[3]: Entering directory `/work/project/pcl-android/build/CMakeExternals/Build/vtk-android/CMakeFiles/CMakeTmp'
/usr/bin/make -f CMakeFiles/cmTryCompileExec.dir/build.make CMakeFiles/cmTryCompileExec.dir/build
make[4]: Entering directory `/work/project/pcl-android/build/CMakeExternals/Build/vtk-android/CMakeFiles/CMakeTmp'
/usr/bin/cmake -E cmake_progress_report /work/project/pcl-android/build/CMakeExternals/Build/vtk-android/CMakeFiles/CMakeTmp/CMakeFiles 1
Building C object CMakeFiles/cmTryCompileExec.dir/CheckIncludeFiles.c.o
/opt/toolchain/android-ndk-r8e/toolchains/arm-linux-androideabi-4.7/prebuilt/linux-x86_64/bin/arm-linux-androideabi-gcc  -DANDROID -D_GNU_SOURCE -fexceptions -Wno-psabi --sysroot=/opt/toolchain/android-ndk-r8e/platforms/android-8/arch-arm -fpic -funwind-tables -finline-limit=64 -fsigned-char -no-canonical-prefixes -march=armv7-a -mfloat-abi=softfp -mfpu=vfpv3-d16 -fdata-sections -ffunction-sections -Wa,--noexecstack   -w -w   -isystem /opt/toolchain/android-ndk-r8e/platforms/android-8/arch-arm/usr/include -isystem /opt/toolchain/android-ndk-r8e/sources/cxx-stl/gnu-libstdc++/4.7/include -isystem /opt/toolchain/android-ndk-r8e/sources/cxx-stl/gnu-libstdc++/4.7/libs/armeabi-v7a/include    -o CMakeFiles/cmTryCompileExec.dir/CheckIncludeFiles.c.o   -c /work/project/pcl-android/build/CMakeExternals/Build/vtk-android/CMakeFiles/CMakeTmp/CheckIncludeFiles.c
/work/project/pcl-android/build/CMakeExternals/Build/vtk-android/CMakeFiles/CMakeTmp/CheckIncludeFiles.c:31:18: fatal error: ndir.h: No such file or directory
compilation terminated.
make[4]: Leaving directory `/work/project/pcl-android/build/CMakeExternals/Build/vtk-android/CMakeFiles/CMakeTmp'
make[4]: *** [CMakeFiles/cmTryCompileExec.dir/CheckIncludeFiles.c.o] Error 1
make[3]: Leaving directory `/work/project/pcl-android/build/CMakeExternals/Build/vtk-android/CMakeFiles/CMakeTmp'
make[3]: *** [cmTryCompileExec/fast] Error 2

Source:
/* */
#include <stdio.h>
#include <stddef.h>
#include <sys/types.h>
#include <inttypes.h>
#include <dlfcn.h>
#include <fcntl.h>
#include <malloc.h>
#include <memory.h>
#include <netdb.h>
#include <limits.h>
#include <sys/socket.h>
#include <netinet/in.h>
#include <sys/select.h>
#include <stdint.h>
#include <stdlib.h>
#include <string.h>
#include <strings.h>
#include <sys/stat.h>
#include <sys/time.h>
#include <time.h>
#include <unistd.h>
#include <signal.h>
#include <errno.h>
#include <arpa/inet.h>
#include <arpa/nameser.h>
#include <ctype.h>
#include <dirent.h>
#include <float.h>
#include <math.h>
#include <ndir.h>


int main(){return 0;}

Determining if the fpclass exist failed with the following output:
Change Dir: /work/project/pcl-android/build/CMakeExternals/Build/vtk-android/CMakeFiles/CMakeTmp

Run Build Command:/usr/bin/make "cmTryCompileExec/fast"
make[3]: Entering directory `/work/project/pcl-android/build/CMakeExternals/Build/vtk-android/CMakeFiles/CMakeTmp'
/usr/bin/make -f CMakeFiles/cmTryCompileExec.dir/build.make CMakeFiles/cmTryCompileExec.dir/build
make[4]: Entering directory `/work/project/pcl-android/build/CMakeExternals/Build/vtk-android/CMakeFiles/CMakeTmp'
/usr/bin/cmake -E cmake_progress_report /work/project/pcl-android/build/CMakeExternals/Build/vtk-android/CMakeFiles/CMakeTmp/CMakeFiles 1
Building C object CMakeFiles/cmTryCompileExec.dir/CheckSymbolExists.c.o
/opt/toolchain/android-ndk-r8e/toolchains/arm-linux-androideabi-4.7/prebuilt/linux-x86_64/bin/arm-linux-androideabi-gcc  -DANDROID -D_GNU_SOURCE -fexceptions -Wno-psabi --sysroot=/opt/toolchain/android-ndk-r8e/platforms/android-8/arch-arm -fpic -funwind-tables -finline-limit=64 -fsigned-char -no-canonical-prefixes -march=armv7-a -mfloat-abi=softfp -mfpu=vfpv3-d16 -fdata-sections -ffunction-sections -Wa,--noexecstack   -w -w   -isystem /opt/toolchain/android-ndk-r8e/platforms/android-8/arch-arm/usr/include -isystem /opt/toolchain/android-ndk-r8e/sources/cxx-stl/gnu-libstdc++/4.7/include -isystem /opt/toolchain/android-ndk-r8e/sources/cxx-stl/gnu-libstdc++/4.7/libs/armeabi-v7a/include    -o CMakeFiles/cmTryCompileExec.dir/CheckSymbolExists.c.o   -c /work/project/pcl-android/build/CMakeExternals/Build/vtk-android/CMakeFiles/CMakeTmp/CheckSymbolExists.c
/work/project/pcl-android/build/CMakeExternals/Build/vtk-android/CMakeFiles/CMakeTmp/CheckSymbolExists.c: In function 'main':
/work/project/pcl-android/build/CMakeExternals/Build/vtk-android/CMakeFiles/CMakeTmp/CheckSymbolExists.c:41:25: error: 'fpclass' undeclared (first use in this function)
/work/project/pcl-android/build/CMakeExternals/Build/vtk-android/CMakeFiles/CMakeTmp/CheckSymbolExists.c:41:25: note: each undeclared identifier is reported only once for each function it appears in
make[4]: *** [CMakeFiles/cmTryCompileExec.dir/CheckSymbolExists.c.o] Error 1
make[4]: Leaving directory `/work/project/pcl-android/build/CMakeExternals/Build/vtk-android/CMakeFiles/CMakeTmp'
make[3]: *** [cmTryCompileExec/fast] Error 2
make[3]: Leaving directory `/work/project/pcl-android/build/CMakeExternals/Build/vtk-android/CMakeFiles/CMakeTmp'

File /work/project/pcl-android/build/CMakeExternals/Build/vtk-android/CMakeFiles/CMakeTmp/CheckSymbolExists.c:
/* */
#include <stdio.h>
#include <stddef.h>
#include <sys/types.h>
#include <inttypes.h>
#include <dlfcn.h>
#include <fcntl.h>
#include <malloc.h>
#include <memory.h>
#include <netdb.h>
#include <limits.h>
#include <sys/socket.h>
#include <netinet/in.h>
#include <sys/select.h>
#include <stdint.h>
#include <stdlib.h>
#include <string.h>
#include <strings.h>
#include <sys/stat.h>
#include <sys/time.h>
#include <time.h>
#include <unistd.h>
#include <signal.h>
#include <errno.h>
#include <arpa/inet.h>
#include <arpa/nameser.h>
#include <ctype.h>
#include <dirent.h>
#include <float.h>
#include <math.h>
#include <pthread.h>
#include <resolv.h>
#include <stdarg.h>
#include <sys/mman.h>
#include <sys/timeb.h>

void cmakeRequireSymbol(int dummy,...){(void)dummy;}
int main()
{
#ifndef fpclass
  cmakeRequireSymbol(0,&fpclass);
#endif
  return 0;
}

Determining if the fp_class exist failed with the following output:
Change Dir: /work/project/pcl-android/build/CMakeExternals/Build/vtk-android/CMakeFiles/CMakeTmp

Run Build Command:/usr/bin/make "cmTryCompileExec/fast"
make[3]: Entering directory `/work/project/pcl-android/build/CMakeExternals/Build/vtk-android/CMakeFiles/CMakeTmp'
/usr/bin/make -f CMakeFiles/cmTryCompileExec.dir/build.make CMakeFiles/cmTryCompileExec.dir/build
make[4]: Entering directory `/work/project/pcl-android/build/CMakeExternals/Build/vtk-android/CMakeFiles/CMakeTmp'
/usr/bin/cmake -E cmake_progress_report /work/project/pcl-android/build/CMakeExternals/Build/vtk-android/CMakeFiles/CMakeTmp/CMakeFiles 1
Building C object CMakeFiles/cmTryCompileExec.dir/CheckSymbolExists.c.o
/opt/toolchain/android-ndk-r8e/toolchains/arm-linux-androideabi-4.7/prebuilt/linux-x86_64/bin/arm-linux-androideabi-gcc  -DANDROID -D_GNU_SOURCE -fexceptions -Wno-psabi --sysroot=/opt/toolchain/android-ndk-r8e/platforms/android-8/arch-arm -fpic -funwind-tables -finline-limit=64 -fsigned-char -no-canonical-prefixes -march=armv7-a -mfloat-abi=softfp -mfpu=vfpv3-d16 -fdata-sections -ffunction-sections -Wa,--noexecstack   -w -w   -isystem /opt/toolchain/android-ndk-r8e/platforms/android-8/arch-arm/usr/include -isystem /opt/toolchain/android-ndk-r8e/sources/cxx-stl/gnu-libstdc++/4.7/include -isystem /opt/toolchain/android-ndk-r8e/sources/cxx-stl/gnu-libstdc++/4.7/libs/armeabi-v7a/include    -o CMakeFiles/cmTryCompileExec.dir/CheckSymbolExists.c.o   -c /work/project/pcl-android/build/CMakeExternals/Build/vtk-android/CMakeFiles/CMakeTmp/CheckSymbolExists.c
/work/project/pcl-android/build/CMakeExternals/Build/vtk-android/CMakeFiles/CMakeTmp/CheckSymbolExists.c: In function 'main':
/work/project/pcl-android/build/CMakeExternals/Build/vtk-android/CMakeFiles/CMakeTmp/CheckSymbolExists.c:41:25: error: 'fp_class' undeclared (first use in this function)
/work/project/pcl-android/build/CMakeExternals/Build/vtk-android/CMakeFiles/CMakeTmp/CheckSymbolExists.c:41:25: note: each undeclared identifier is reported only once for each function it appears in
make[4]: Leaving directory `/work/project/pcl-android/build/CMakeExternals/Build/vtk-android/CMakeFiles/CMakeTmp'
make[4]: *** [CMakeFiles/cmTryCompileExec.dir/CheckSymbolExists.c.o] Error 1
make[3]: *** [cmTryCompileExec/fast] Error 2
make[3]: Leaving directory `/work/project/pcl-android/build/CMakeExternals/Build/vtk-android/CMakeFiles/CMakeTmp'

File /work/project/pcl-android/build/CMakeExternals/Build/vtk-android/CMakeFiles/CMakeTmp/CheckSymbolExists.c:
/* */
#include <stdio.h>
#include <stddef.h>
#include <sys/types.h>
#include <inttypes.h>
#include <dlfcn.h>
#include <fcntl.h>
#include <malloc.h>
#include <memory.h>
#include <netdb.h>
#include <limits.h>
#include <sys/socket.h>
#include <netinet/in.h>
#include <sys/select.h>
#include <stdint.h>
#include <stdlib.h>
#include <string.h>
#include <strings.h>
#include <sys/stat.h>
#include <sys/time.h>
#include <time.h>
#include <unistd.h>
#include <signal.h>
#include <errno.h>
#include <arpa/inet.h>
#include <arpa/nameser.h>
#include <ctype.h>
#include <dirent.h>
#include <float.h>
#include <math.h>
#include <pthread.h>
#include <resolv.h>
#include <stdarg.h>
#include <sys/mman.h>
#include <sys/timeb.h>

void cmakeRequireSymbol(int dummy,...){(void)dummy;}
int main()
{
#ifndef fp_class
  cmakeRequireSymbol(0,&fp_class);
#endif
  return 0;
}

Determining if the _stat exist failed with the following output:
Change Dir: /work/project/pcl-android/build/CMakeExternals/Build/vtk-android/CMakeFiles/CMakeTmp

Run Build Command:/usr/bin/make "cmTryCompileExec/fast"
make[3]: Entering directory `/work/project/pcl-android/build/CMakeExternals/Build/vtk-android/CMakeFiles/CMakeTmp'
/usr/bin/make -f CMakeFiles/cmTryCompileExec.dir/build.make CMakeFiles/cmTryCompileExec.dir/build
make[4]: Entering directory `/work/project/pcl-android/build/CMakeExternals/Build/vtk-android/CMakeFiles/CMakeTmp'
/usr/bin/cmake -E cmake_progress_report /work/project/pcl-android/build/CMakeExternals/Build/vtk-android/CMakeFiles/CMakeTmp/CMakeFiles 1
Building C object CMakeFiles/cmTryCompileExec.dir/CheckSymbolExists.c.o
/opt/toolchain/android-ndk-r8e/toolchains/arm-linux-androideabi-4.7/prebuilt/linux-x86_64/bin/arm-linux-androideabi-gcc  -DANDROID -D_GNU_SOURCE -fexceptions -Wno-psabi --sysroot=/opt/toolchain/android-ndk-r8e/platforms/android-8/arch-arm -fpic -funwind-tables -finline-limit=64 -fsigned-char -no-canonical-prefixes -march=armv7-a -mfloat-abi=softfp -mfpu=vfpv3-d16 -fdata-sections -ffunction-sections -Wa,--noexecstack   -w -w   -isystem /opt/toolchain/android-ndk-r8e/platforms/android-8/arch-arm/usr/include -isystem /opt/toolchain/android-ndk-r8e/sources/cxx-stl/gnu-libstdc++/4.7/include -isystem /opt/toolchain/android-ndk-r8e/sources/cxx-stl/gnu-libstdc++/4.7/libs/armeabi-v7a/include    -o CMakeFiles/cmTryCompileExec.dir/CheckSymbolExists.c.o   -c /work/project/pcl-android/build/CMakeExternals/Build/vtk-android/CMakeFiles/CMakeTmp/CheckSymbolExists.c
/work/project/pcl-android/build/CMakeExternals/Build/vtk-android/CMakeFiles/CMakeTmp/CheckSymbolExists.c: In function 'main':
/work/project/pcl-android/build/CMakeExternals/Build/vtk-android/CMakeFiles/CMakeTmp/CheckSymbolExists.c:41:25: error: '_stat' undeclared (first use in this function)
/work/project/pcl-android/build/CMakeExternals/Build/vtk-android/CMakeFiles/CMakeTmp/CheckSymbolExists.c:41:25: note: each undeclared identifier is reported only once for each function it appears in
make[4]: *** [CMakeFiles/cmTryCompileExec.dir/CheckSymbolExists.c.o] Error 1
make[4]: Leaving directory `/work/project/pcl-android/build/CMakeExternals/Build/vtk-android/CMakeFiles/CMakeTmp'
make[3]: Leaving directory `/work/project/pcl-android/build/CMakeExternals/Build/vtk-android/CMakeFiles/CMakeTmp'
make[3]: *** [cmTryCompileExec/fast] Error 2

File /work/project/pcl-android/build/CMakeExternals/Build/vtk-android/CMakeFiles/CMakeTmp/CheckSymbolExists.c:
/* */
#include <stdio.h>
#include <stddef.h>
#include <sys/types.h>
#include <inttypes.h>
#include <dlfcn.h>
#include <fcntl.h>
#include <malloc.h>
#include <memory.h>
#include <netdb.h>
#include <limits.h>
#include <sys/socket.h>
#include <netinet/in.h>
#include <sys/select.h>
#include <stdint.h>
#include <stdlib.h>
#include <string.h>
#include <strings.h>
#include <sys/stat.h>
#include <sys/time.h>
#include <time.h>
#include <unistd.h>
#include <signal.h>
#include <errno.h>
#include <arpa/inet.h>
#include <arpa/nameser.h>
#include <ctype.h>
#include <dirent.h>
#include <float.h>
#include <math.h>
#include <pthread.h>
#include <resolv.h>
#include <stdarg.h>
#include <sys/mman.h>
#include <sys/timeb.h>

void cmakeRequireSymbol(int dummy,...){(void)dummy;}
int main()
{
#ifndef _stat
  cmakeRequireSymbol(0,&_stat);
#endif
  return 0;
}

Checking for DIR in sys/dir.h failed to compile with the following output:
Change Dir: /work/project/pcl-android/build/CMakeExternals/Build/vtk-android/ThirdParty/libxml2/vtklibxml2/CMakeFiles/CMakeTmp

Run Build Command:/usr/bin/make "cmTryCompileExec/fast"
make[3]: Entering directory `/work/project/pcl-android/build/CMakeExternals/Build/vtk-android/ThirdParty/libxml2/vtklibxml2/CMakeFiles/CMakeTmp'
/usr/bin/make -f CMakeFiles/cmTryCompileExec.dir/build.make CMakeFiles/cmTryCompileExec.dir/build
make[4]: Entering directory `/work/project/pcl-android/build/CMakeExternals/Build/vtk-android/ThirdParty/libxml2/vtklibxml2/CMakeFiles/CMakeTmp'
/usr/bin/cmake -E cmake_progress_report /work/project/pcl-android/build/CMakeExternals/Build/vtk-android/ThirdParty/libxml2/vtklibxml2/CMakeFiles/CMakeTmp/CMakeFiles 1
Building C object CMakeFiles/cmTryCompileExec.dir/platformTestsC.c.o
/opt/toolchain/android-ndk-r8e/toolchains/arm-linux-androideabi-4.7/prebuilt/linux-x86_64/bin/arm-linux-androideabi-gcc  -DANDROID -DTEST_HAVE_SYS_DIR_H -fexceptions -Wno-psabi --sysroot=/opt/toolchain/android-ndk-r8e/platforms/android-8/arch-arm -fpic -funwind-tables -finline-limit=64 -fsigned-char -no-canonical-prefixes -march=armv7-a -mfloat-abi=softfp -mfpu=vfpv3-d16 -fdata-sections -ffunction-sections -Wa,--noexecstack   -w -w   -isystem /opt/toolchain/android-ndk-r8e/platforms/android-8/arch-arm/usr/include -isystem /opt/toolchain/android-ndk-r8e/sources/cxx-stl/gnu-libstdc++/4.7/include -isystem /opt/toolchain/android-ndk-r8e/sources/cxx-stl/gnu-libstdc++/4.7/libs/armeabi-v7a/include    -o CMakeFiles/cmTryCompileExec.dir/platformTestsC.c.o   -c /work/project/pcl-android/build/CMakeExternals/Source/vtk/ThirdParty/libxml2/vtklibxml2/platformTestsC.c
/work/project/pcl-android/build/CMakeExternals/Source/vtk/ThirdParty/libxml2/vtklibxml2/platformTestsC.c:71:21: fatal error: sys/dir.h: No such file or directory
compilation terminated.
make[4]: *** [CMakeFiles/cmTryCompileExec.dir/platformTestsC.c.o] Error 1
make[4]: Leaving directory `/work/project/pcl-android/build/CMakeExternals/Build/vtk-android/ThirdParty/libxml2/vtklibxml2/CMakeFiles/CMakeTmp'
make[3]: *** [cmTryCompileExec/fast] Error 2
make[3]: Leaving directory `/work/project/pcl-android/build/CMakeExternals/Build/vtk-android/ThirdParty/libxml2/vtklibxml2/CMakeFiles/CMakeTmp'


Checking for DIR in sys/ndir.h failed to compile with the following output:
Change Dir: /work/project/pcl-android/build/CMakeExternals/Build/vtk-android/ThirdParty/libxml2/vtklibxml2/CMakeFiles/CMakeTmp

Run Build Command:/usr/bin/make "cmTryCompileExec/fast"
make[3]: Entering directory `/work/project/pcl-android/build/CMakeExternals/Build/vtk-android/ThirdParty/libxml2/vtklibxml2/CMakeFiles/CMakeTmp'
/usr/bin/make -f CMakeFiles/cmTryCompileExec.dir/build.make CMakeFiles/cmTryCompileExec.dir/build
make[4]: Entering directory `/work/project/pcl-android/build/CMakeExternals/Build/vtk-android/ThirdParty/libxml2/vtklibxml2/CMakeFiles/CMakeTmp'
/usr/bin/cmake -E cmake_progress_report /work/project/pcl-android/build/CMakeExternals/Build/vtk-android/ThirdParty/libxml2/vtklibxml2/CMakeFiles/CMakeTmp/CMakeFiles 1
Building C object CMakeFiles/cmTryCompileExec.dir/platformTestsC.c.o
/opt/toolchain/android-ndk-r8e/toolchains/arm-linux-androideabi-4.7/prebuilt/linux-x86_64/bin/arm-linux-androideabi-gcc  -DANDROID -DTEST_HAVE_SYS_NDIR_H -fexceptions -Wno-psabi --sysroot=/opt/toolchain/android-ndk-r8e/platforms/android-8/arch-arm -fpic -funwind-tables -finline-limit=64 -fsigned-char -no-canonical-prefixes -march=armv7-a -mfloat-abi=softfp -mfpu=vfpv3-d16 -fdata-sections -ffunction-sections -Wa,--noexecstack   -w -w   -isystem /opt/toolchain/android-ndk-r8e/platforms/android-8/arch-arm/usr/include -isystem /opt/toolchain/android-ndk-r8e/sources/cxx-stl/gnu-libstdc++/4.7/include -isystem /opt/toolchain/android-ndk-r8e/sources/cxx-stl/gnu-libstdc++/4.7/libs/armeabi-v7a/include    -o CMakeFiles/cmTryCompileExec.dir/platformTestsC.c.o   -c /work/project/pcl-android/build/CMakeExternals/Source/vtk/ThirdParty/libxml2/vtklibxml2/platformTestsC.c
/work/project/pcl-android/build/CMakeExternals/Source/vtk/ThirdParty/libxml2/vtklibxml2/platformTestsC.c:82:22: fatal error: sys/ndir.h: No such file or directory
compilation terminated.
make[4]: Leaving directory `/work/project/pcl-android/build/CMakeExternals/Build/vtk-android/ThirdParty/libxml2/vtklibxml2/CMakeFiles/CMakeTmp'
make[4]: *** [CMakeFiles/cmTryCompileExec.dir/platformTestsC.c.o] Error 1
make[3]: Leaving directory `/work/project/pcl-android/build/CMakeExternals/Build/vtk-android/ThirdParty/libxml2/vtklibxml2/CMakeFiles/CMakeTmp'
make[3]: *** [cmTryCompileExec/fast] Error 2


